2016-06-14 10:13:20 Error: Fatal Error (4): syntax error, unexpected T_CONSTANT_ENCAPSED_STRING, expecting ')' in [/vagrant/www/me/zeanleague/app/Config/database.php, line 78]
2016-06-14 10:13:20 Error: [FatalErrorException] syntax error, unexpected T_CONSTANT_ENCAPSED_STRING, expecting ')'
Request URL: /me/zeanleague/
Stack Trace:
#0 /vagrant/www/me/zeanleague/lib/Cake/Error/ErrorHandler.php(213): ErrorHandler::handleFatalError(4, 'syntax error, u...', '/vagrant/www/me...', 78)
#1 [internal function]: ErrorHandler::handleError(4, 'syntax error, u...', '/vagrant/www/me...', 78, Array)
#2 /vagrant/www/me/zeanleague/lib/Cake/Core/App.php(970): call_user_func('ErrorHandler::h...', 4, 'syntax error, u...', '/vagrant/www/me...', 78, Array)
#3 /vagrant/www/me/zeanleague/lib/Cake/Core/App.php(943): App::_checkFatalError()
#4 [internal function]: App::shutdown()
#5 {main}
2016-06-14 10:14:01 Error: [MissingConnectionException] Database connection "Mysql" is missing, or could not be created.
Exception Attributes: array (
  'class' => 'Mysql',
  'message' => 'SQLSTATE[42000] [1049] Unknown database \'zeanleague_db\'',
  'enabled' => true,
)
Request URL: /me/zeanleague/members/register
Stack Trace:
#0 /vagrant/www/me/zeanleague/lib/Cake/Model/Datasource/DboSource.php(260): Mysql->connect()
#1 /vagrant/www/me/zeanleague/lib/Cake/Model/ConnectionManager.php(105): DboSource->__construct(Array)
#2 /vagrant/www/me/zeanleague/lib/Cake/Model/Model.php(3626): ConnectionManager::getDataSource('default')
#3 /vagrant/www/me/zeanleague/lib/Cake/Model/Model.php(1155): Model->setDataSource('default')
#4 /vagrant/www/me/zeanleague/lib/Cake/Model/Model.php(3653): Model->setSource('members')
#5 /vagrant/www/me/zeanleague/lib/Cake/Model/Model.php(1387): Model->getDataSource()
#6 /vagrant/www/me/zeanleague/lib/Cake/View/Helper/FormHelper.php(215): Model->schema()
#7 /vagrant/www/me/zeanleague/lib/Cake/View/Helper/FormHelper.php(480): FormHelper->_introspectModel('Member', 'fields')
#8 /vagrant/www/me/zeanleague/app/View/Members/register.ctp(11): FormHelper->create()
#9 /vagrant/www/me/zeanleague/lib/Cake/View/View.php(971): include('/vagrant/www/me...')
#10 /vagrant/www/me/zeanleague/lib/Cake/View/View.php(933): View->_evaluate('/vagrant/www/me...', Array)
#11 /vagrant/www/me/zeanleague/lib/Cake/View/View.php(473): View->_render('/vagrant/www/me...')
#12 /vagrant/www/me/zeanleague/lib/Cake/Controller/Controller.php(963): View->render(NULL, NULL)
#13 /vagrant/www/me/zeanleague/lib/Cake/Routing/Dispatcher.php(200): Controller->render()
#14 /vagrant/www/me/zeanleague/lib/Cake/Routing/Dispatcher.php(167): Dispatcher->_invoke(Object(MembersController), Object(CakeRequest))
#15 /vagrant/www/me/zeanleague/app/webroot/index.php(111): Dispatcher->dispatch(Object(CakeRequest), Object(CakeResponse))
#16 {main}
2016-06-14 10:15:21 Error: [MissingConnectionException] Database connection "Mysql" is missing, or could not be created.
Exception Attributes: array (
  'class' => 'Mysql',
  'message' => 'SQLSTATE[42000] [1049] Unknown database \'zeanleague_db\'',
  'enabled' => true,
)
Request URL: /me/zeanleague/users/register
Stack Trace:
#0 /vagrant/www/me/zeanleague/lib/Cake/Model/Datasource/DboSource.php(260): Mysql->connect()
#1 /vagrant/www/me/zeanleague/lib/Cake/Model/ConnectionManager.php(105): DboSource->__construct(Array)
#2 /vagrant/www/me/zeanleague/lib/Cake/Model/Model.php(3626): ConnectionManager::getDataSource('default')
#3 /vagrant/www/me/zeanleague/lib/Cake/Model/Model.php(1155): Model->setDataSource('default')
#4 /vagrant/www/me/zeanleague/lib/Cake/Model/Model.php(3653): Model->setSource('users')
#5 /vagrant/www/me/zeanleague/lib/Cake/Model/Model.php(1387): Model->getDataSource()
#6 /vagrant/www/me/zeanleague/lib/Cake/Model/Model.php(1483): Model->schema()
#7 /vagrant/www/me/zeanleague/lib/Cake/Model/Model.php(1470): Model->hasField('title', false)
#8 /vagrant/www/me/zeanleague/lib/Cake/Model/Model.php(907): Model->hasField(Array)
#9 /vagrant/www/me/zeanleague/lib/Cake/Controller/Scaffold.php(130): Model->__get('displayField')
#10 /vagrant/www/me/zeanleague/lib/Cake/Controller/Controller.php(536): Scaffold->__construct(Object(UsersController), Object(CakeRequest))
#11 /vagrant/www/me/zeanleague/lib/Cake/Controller/Controller.php(495): Controller->_getScaffold(Object(CakeRequest))
#12 /vagrant/www/me/zeanleague/lib/Cake/Routing/Dispatcher.php(193): Controller->invokeAction(Object(CakeRequest))
#13 /vagrant/www/me/zeanleague/lib/Cake/Routing/Dispatcher.php(167): Dispatcher->_invoke(Object(UsersController), Object(CakeRequest))
#14 /vagrant/www/me/zeanleague/app/webroot/index.php(111): Dispatcher->dispatch(Object(CakeRequest), Object(CakeResponse))
#15 {main}
2016-06-14 10:53:17 Error: [MissingControllerException] Controller class UserController could not be found.
Exception Attributes: array (
  'class' => 'UserController',
  'plugin' => NULL,
)
Request URL: /me/zeanleague/user/resgiter
Stack Trace:
#0 /vagrant/www/me/zeanleague/app/webroot/index.php(111): Dispatcher->dispatch(Object(CakeRequest), Object(CakeResponse))
#1 {main}
2016-06-14 10:53:22 Error: [MissingControllerException] Controller class UserController could not be found.
Exception Attributes: array (
  'class' => 'UserController',
  'plugin' => NULL,
)
Request URL: /me/zeanleague/user/resgister
Stack Trace:
#0 /vagrant/www/me/zeanleague/app/webroot/index.php(111): Dispatcher->dispatch(Object(CakeRequest), Object(CakeResponse))
#1 {main}
2016-06-14 10:53:30 Error: [MissingActionException] Action UsersController::resgister() could not be found.
Exception Attributes: array (
  'controller' => 'UsersController',
  'action' => 'resgister',
)
Request URL: /me/zeanleague/users/resgister
Stack Trace:
#0 /vagrant/www/me/zeanleague/lib/Cake/Routing/Dispatcher.php(193): Controller->invokeAction(Object(CakeRequest))
#1 /vagrant/www/me/zeanleague/lib/Cake/Routing/Dispatcher.php(167): Dispatcher->_invoke(Object(UsersController), Object(CakeRequest))
#2 /vagrant/www/me/zeanleague/app/webroot/index.php(111): Dispatcher->dispatch(Object(CakeRequest), Object(CakeResponse))
#3 {main}
2016-06-14 10:53:34 Error: [MissingViewException] View file "Users/register.ctp" is missing.
Exception Attributes: array (
  'file' => 'Users/register.ctp',
)
Request URL: /me/zeanleague/users/register
Stack Trace:
#0 /vagrant/www/me/zeanleague/lib/Cake/View/View.php(470): View->_getViewFileName(NULL)
#1 /vagrant/www/me/zeanleague/lib/Cake/Controller/Controller.php(963): View->render(NULL, NULL)
#2 /vagrant/www/me/zeanleague/lib/Cake/Routing/Dispatcher.php(200): Controller->render()
#3 /vagrant/www/me/zeanleague/lib/Cake/Routing/Dispatcher.php(167): Dispatcher->_invoke(Object(UsersController), Object(CakeRequest))
#4 /vagrant/www/me/zeanleague/app/webroot/index.php(111): Dispatcher->dispatch(Object(CakeRequest), Object(CakeResponse))
#5 {main}
2016-06-14 11:09:29 Error: Fatal Error (1): Call to undefined method View::elements() in [/vagrant/www/me/zeanleague/app/View/Users/register.ctp, line 5]
2016-06-14 11:09:29 Error: [FatalErrorException] Call to undefined method View::elements()
Request URL: /me/zeanleague/users/register
Stack Trace:
#0 /vagrant/www/me/zeanleague/lib/Cake/Error/ErrorHandler.php(213): ErrorHandler::handleFatalError(1, 'Call to undefin...', '/vagrant/www/me...', 5)
#1 [internal function]: ErrorHandler::handleError(1, 'Call to undefin...', '/vagrant/www/me...', 5, Array)
#2 /vagrant/www/me/zeanleague/lib/Cake/Core/App.php(970): call_user_func('ErrorHandler::h...', 1, 'Call to undefin...', '/vagrant/www/me...', 5, Array)
#3 /vagrant/www/me/zeanleague/lib/Cake/Core/App.php(943): App::_checkFatalError()
#4 [internal function]: App::shutdown()
#5 {main}
2016-06-14 11:31:19 Error: Fatal Error (1): Call to a member function allow() on a non-object in [/vagrant/www/me/zeanleague/app/Controller/UsersController.php, line 16]
2016-06-14 11:31:19 Error: [FatalErrorException] Call to a member function allow() on a non-object
Request URL: /me/zeanleague/users/register
Stack Trace:
#0 /vagrant/www/me/zeanleague/lib/Cake/Error/ErrorHandler.php(213): ErrorHandler::handleFatalError(1, 'Call to a membe...', '/vagrant/www/me...', 16)
#1 [internal function]: ErrorHandler::handleError(1, 'Call to a membe...', '/vagrant/www/me...', 16, Array)
#2 /vagrant/www/me/zeanleague/lib/Cake/Core/App.php(970): call_user_func('ErrorHandler::h...', 1, 'Call to a membe...', '/vagrant/www/me...', 16, Array)
#3 /vagrant/www/me/zeanleague/lib/Cake/Core/App.php(943): App::_checkFatalError()
#4 [internal function]: App::shutdown()
#5 {main}
2016-06-14 11:31:44 Error: [MissingActionException] Action UsersController::login() could not be found.
Exception Attributes: array (
  'controller' => 'UsersController',
  'action' => 'login',
)
Request URL: /me/zeanleague/users/login
Stack Trace:
#0 /vagrant/www/me/zeanleague/lib/Cake/Routing/Dispatcher.php(193): Controller->invokeAction(Object(CakeRequest))
#1 /vagrant/www/me/zeanleague/lib/Cake/Routing/Dispatcher.php(167): Dispatcher->_invoke(Object(UsersController), Object(CakeRequest))
#2 /vagrant/www/me/zeanleague/app/webroot/index.php(111): Dispatcher->dispatch(Object(CakeRequest), Object(CakeResponse))
#3 {main}
2016-06-14 11:31:51 Error: [MissingActionException] Action UsersController::login() could not be found.
Exception Attributes: array (
  'controller' => 'UsersController',
  'action' => 'login',
)
Request URL: /me/zeanleague/users/login
Stack Trace:
#0 /vagrant/www/me/zeanleague/lib/Cake/Routing/Dispatcher.php(193): Controller->invokeAction(Object(CakeRequest))
#1 /vagrant/www/me/zeanleague/lib/Cake/Routing/Dispatcher.php(167): Dispatcher->_invoke(Object(UsersController), Object(CakeRequest))
#2 /vagrant/www/me/zeanleague/app/webroot/index.php(111): Dispatcher->dispatch(Object(CakeRequest), Object(CakeResponse))
#3 {main}
2016-06-14 11:51:15 Error: [MissingActionException] Action UsersController::login() could not be found.
Exception Attributes: array (
  'controller' => 'UsersController',
  'action' => 'login',
)
Request URL: /me/zeanleague/users/login
Stack Trace:
#0 /vagrant/www/me/zeanleague/lib/Cake/Routing/Dispatcher.php(193): Controller->invokeAction(Object(CakeRequest))
#1 /vagrant/www/me/zeanleague/lib/Cake/Routing/Dispatcher.php(167): Dispatcher->_invoke(Object(UsersController), Object(CakeRequest))
#2 /vagrant/www/me/zeanleague/app/webroot/index.php(111): Dispatcher->dispatch(Object(CakeRequest), Object(CakeResponse))
#3 {main}
2016-06-14 11:59:05 Error: [MissingActionException] Action UsersController::login() could not be found.
Exception Attributes: array (
  'controller' => 'UsersController',
  'action' => 'login',
)
Request URL: /me/zeanleague/users/login
Stack Trace:
#0 /vagrant/www/me/zeanleague/lib/Cake/Routing/Dispatcher.php(193): Controller->invokeAction(Object(CakeRequest))
#1 /vagrant/www/me/zeanleague/lib/Cake/Routing/Dispatcher.php(167): Dispatcher->_invoke(Object(UsersController), Object(CakeRequest))
#2 /vagrant/www/me/zeanleague/app/webroot/index.php(111): Dispatcher->dispatch(Object(CakeRequest), Object(CakeResponse))
#3 {main}
2016-06-14 12:09:30 Error: [MissingViewException] View file "Users/register_send_email.ctp" is missing.
Exception Attributes: array (
  'file' => 'Users/register_send_email.ctp',
)
Request URL: /me/zeanleague/users/registerSendEmail
Stack Trace:
#0 /vagrant/www/me/zeanleague/lib/Cake/View/View.php(470): View->_getViewFileName(NULL)
#1 /vagrant/www/me/zeanleague/lib/Cake/Controller/Controller.php(963): View->render(NULL, NULL)
#2 /vagrant/www/me/zeanleague/lib/Cake/Routing/Dispatcher.php(200): Controller->render()
#3 /vagrant/www/me/zeanleague/lib/Cake/Routing/Dispatcher.php(167): Dispatcher->_invoke(Object(UsersController), Object(CakeRequest))
#4 /vagrant/www/me/zeanleague/app/webroot/index.php(111): Dispatcher->dispatch(Object(CakeRequest), Object(CakeResponse))
#5 {main}
2016-06-14 13:31:02 Error: [MissingViewException] View file "Users/register_send_email.ctp" is missing.
Exception Attributes: array (
  'file' => 'Users/register_send_email.ctp',
)
Request URL: /me/zeanleague/users/registerSendEmail
Stack Trace:
#0 /vagrant/www/me/zeanleague/lib/Cake/View/View.php(470): View->_getViewFileName(NULL)
#1 /vagrant/www/me/zeanleague/lib/Cake/Controller/Controller.php(963): View->render(NULL, NULL)
#2 /vagrant/www/me/zeanleague/lib/Cake/Routing/Dispatcher.php(200): Controller->render()
#3 /vagrant/www/me/zeanleague/lib/Cake/Routing/Dispatcher.php(167): Dispatcher->_invoke(Object(UsersController), Object(CakeRequest))
#4 /vagrant/www/me/zeanleague/app/webroot/index.php(111): Dispatcher->dispatch(Object(CakeRequest), Object(CakeResponse))
#5 {main}
2016-06-14 14:24:32 Error: Fatal Error (4): syntax error, unexpected T_OBJECT_OPERATOR in [/vagrant/www/me/zeanleague/app/Model/User.php, line 112]
2016-06-14 14:24:32 Error: [FatalErrorException] syntax error, unexpected T_OBJECT_OPERATOR
Request URL: /me/zeanleague/users/register
Stack Trace:
#0 /vagrant/www/me/zeanleague/lib/Cake/Error/ErrorHandler.php(213): ErrorHandler::handleFatalError(4, 'syntax error, u...', '/vagrant/www/me...', 112)
#1 [internal function]: ErrorHandler::handleError(4, 'syntax error, u...', '/vagrant/www/me...', 112, Array)
#2 /vagrant/www/me/zeanleague/lib/Cake/Core/App.php(970): call_user_func('ErrorHandler::h...', 4, 'syntax error, u...', '/vagrant/www/me...', 112, Array)
#3 /vagrant/www/me/zeanleague/lib/Cake/Core/App.php(943): App::_checkFatalError()
#4 [internal function]: App::shutdown()
#5 {main}
2016-06-14 14:25:11 Error: [SocketException] Declaration of User::beforeSave() should be compatible with that of Model::beforeSave()
Request URL: /me/zeanleague/users/register
Stack Trace:
#0 /vagrant/www/me/zeanleague/lib/Cake/Network/Email/MailTransport.php(51): MailTransport->_mail('bob@example.com', 'Test email', '<!DOCTYPE html ...', 'From: app@domai...', NULL)
#1 /vagrant/www/me/zeanleague/lib/Cake/Network/Email/CakeEmail.php(1173): MailTransport->send(Object(CakeEmail))
#2 /vagrant/www/me/zeanleague/app/Model/User.php(117): CakeEmail->send()
#3 /vagrant/www/me/zeanleague/app/Model/User.php(97): User->sendLinkRegisteredConfirm('4')
#4 /vagrant/www/me/zeanleague/app/Controller/UsersController.php(27): User->saveRegister(Array)
#5 [internal function]: UsersController->register()
#6 /vagrant/www/me/zeanleague/lib/Cake/Controller/Controller.php(491): ReflectionMethod->invokeArgs(Object(UsersController), Array)
#7 /vagrant/www/me/zeanleague/lib/Cake/Routing/Dispatcher.php(193): Controller->invokeAction(Object(CakeRequest))
#8 /vagrant/www/me/zeanleague/lib/Cake/Routing/Dispatcher.php(167): Dispatcher->_invoke(Object(UsersController), Object(CakeRequest))
#9 /vagrant/www/me/zeanleague/app/webroot/index.php(111): Dispatcher->dispatch(Object(CakeRequest), Object(CakeResponse))
#10 {main}
2016-06-14 14:27:30 Error: [SocketException] 
Request URL: /me/zeanleague/users/register
Stack Trace:
#0 /vagrant/www/me/zeanleague/lib/Cake/Network/Email/MailTransport.php(51): MailTransport->_mail('bob@example.com', 'Test email', '<!DOCTYPE html ...', 'From: app@domai...', NULL)
#1 /vagrant/www/me/zeanleague/lib/Cake/Network/Email/CakeEmail.php(1173): MailTransport->send(Object(CakeEmail))
#2 /vagrant/www/me/zeanleague/app/Model/User.php(118): CakeEmail->send()
#3 /vagrant/www/me/zeanleague/app/Model/User.php(98): User->sendLinkRegisteredConfirm('5')
#4 /vagrant/www/me/zeanleague/app/Controller/UsersController.php(27): User->saveRegister(Array)
#5 [internal function]: UsersController->register()
#6 /vagrant/www/me/zeanleague/lib/Cake/Controller/Controller.php(491): ReflectionMethod->invokeArgs(Object(UsersController), Array)
#7 /vagrant/www/me/zeanleague/lib/Cake/Routing/Dispatcher.php(193): Controller->invokeAction(Object(CakeRequest))
#8 /vagrant/www/me/zeanleague/lib/Cake/Routing/Dispatcher.php(167): Dispatcher->_invoke(Object(UsersController), Object(CakeRequest))
#9 /vagrant/www/me/zeanleague/app/webroot/index.php(111): Dispatcher->dispatch(Object(CakeRequest), Object(CakeResponse))
#10 {main}
2016-06-14 14:32:44 Error: [SocketException] 
Request URL: /me/zeanleague/users/register
Stack Trace:
#0 /vagrant/www/me/zeanleague/lib/Cake/Network/Email/MailTransport.php(51): MailTransport->_mail('burapa.s@aware....', 'Test email', '<!DOCTYPE html ...', 'From: you@local...', NULL)
#1 /vagrant/www/me/zeanleague/lib/Cake/Network/Email/CakeEmail.php(1173): MailTransport->send(Object(CakeEmail))
#2 /vagrant/www/me/zeanleague/app/Model/User.php(117): CakeEmail->send()
#3 /vagrant/www/me/zeanleague/app/Model/User.php(98): User->sendLinkRegisteredConfirm('6')
#4 /vagrant/www/me/zeanleague/app/Controller/UsersController.php(27): User->saveRegister(Array)
#5 [internal function]: UsersController->register()
#6 /vagrant/www/me/zeanleague/lib/Cake/Controller/Controller.php(491): ReflectionMethod->invokeArgs(Object(UsersController), Array)
#7 /vagrant/www/me/zeanleague/lib/Cake/Routing/Dispatcher.php(193): Controller->invokeAction(Object(CakeRequest))
#8 /vagrant/www/me/zeanleague/lib/Cake/Routing/Dispatcher.php(167): Dispatcher->_invoke(Object(UsersController), Object(CakeRequest))
#9 /vagrant/www/me/zeanleague/app/webroot/index.php(111): Dispatcher->dispatch(Object(CakeRequest), Object(CakeResponse))
#10 {main}
2016-06-14 14:39:51 Error: [MissingControllerException] Controller class MeController could not be found.
Exception Attributes: array (
  'class' => 'MeController',
  'plugin' => NULL,
)
Request URL: /me/zeanleague/me/zeanleague/users/registerConfirm?token=cec1b6826c23a7dc2af64b4480b412d7fef931cb
Stack Trace:
#0 /vagrant/www/me/zeanleague/app/webroot/index.php(111): Dispatcher->dispatch(Object(CakeRequest), Object(CakeResponse))
#1 {main}
2016-06-14 14:40:05 Error: [MissingViewException] View file "Users/login.ctp" is missing.
Exception Attributes: array (
  'file' => 'Users/login.ctp',
)
Request URL: /me/zeanleague/users/login
Stack Trace:
#0 /vagrant/www/me/zeanleague/lib/Cake/View/View.php(470): View->_getViewFileName(NULL)
#1 /vagrant/www/me/zeanleague/lib/Cake/Controller/Controller.php(963): View->render(NULL, NULL)
#2 /vagrant/www/me/zeanleague/lib/Cake/Routing/Dispatcher.php(200): Controller->render()
#3 /vagrant/www/me/zeanleague/lib/Cake/Routing/Dispatcher.php(167): Dispatcher->_invoke(Object(UsersController), Object(CakeRequest))
#4 /vagrant/www/me/zeanleague/app/webroot/index.php(111): Dispatcher->dispatch(Object(CakeRequest), Object(CakeResponse))
#5 {main}
2016-06-14 14:43:18 Error: [MissingViewException] View file "Users/register_confirm.ctp" is missing.
Exception Attributes: array (
  'file' => 'Users/register_confirm.ctp',
)
Request URL: /me/zeanleague/users/registerConfirm?token=cec1b6826c23a7dc2af64b4480b412d7fef931cb
Stack Trace:
#0 /vagrant/www/me/zeanleague/lib/Cake/View/View.php(470): View->_getViewFileName(NULL)
#1 /vagrant/www/me/zeanleague/lib/Cake/Controller/Controller.php(963): View->render(NULL, NULL)
#2 /vagrant/www/me/zeanleague/lib/Cake/Routing/Dispatcher.php(200): Controller->render()
#3 /vagrant/www/me/zeanleague/lib/Cake/Routing/Dispatcher.php(167): Dispatcher->_invoke(Object(UsersController), Object(CakeRequest))
#4 /vagrant/www/me/zeanleague/app/webroot/index.php(111): Dispatcher->dispatch(Object(CakeRequest), Object(CakeResponse))
#5 {main}
2016-06-14 15:34:01 Error: Fatal Error (4): syntax error, unexpected ')' in [/vagrant/www/me/zeanleague/app/Controller/AppController.php, line 46]
2016-06-14 15:34:01 Error: [FatalErrorException] syntax error, unexpected ')'
Request URL: /me/zeanleague/users/login
Stack Trace:
#0 /vagrant/www/me/zeanleague/lib/Cake/Error/ErrorHandler.php(213): ErrorHandler::handleFatalError(4, 'syntax error, u...', '/vagrant/www/me...', 46)
#1 [internal function]: ErrorHandler::handleError(4, 'syntax error, u...', '/vagrant/www/me...', 46, Array)
#2 /vagrant/www/me/zeanleague/lib/Cake/Core/App.php(970): call_user_func('ErrorHandler::h...', 4, 'syntax error, u...', '/vagrant/www/me...', 46, Array)
#3 /vagrant/www/me/zeanleague/lib/Cake/Core/App.php(943): App::_checkFatalError()
#4 [internal function]: App::shutdown()
#5 {main}
2016-06-14 15:42:32 Error: Fatal Error (64): Cannot redeclare UsersController::$components in [/vagrant/www/me/zeanleague/app/Controller/UsersController.php, line 25]
2016-06-14 15:42:32 Error: [FatalErrorException] Cannot redeclare UsersController::$components
Request URL: /me/zeanleague/users/login
Stack Trace:
#0 /vagrant/www/me/zeanleague/lib/Cake/Error/ErrorHandler.php(213): ErrorHandler::handleFatalError(64, 'Cannot redeclar...', '/vagrant/www/me...', 25)
#1 [internal function]: ErrorHandler::handleError(64, 'Cannot redeclar...', '/vagrant/www/me...', 25, Array)
#2 /vagrant/www/me/zeanleague/lib/Cake/Core/App.php(970): call_user_func('ErrorHandler::h...', 64, 'Cannot redeclar...', '/vagrant/www/me...', 25, Array)
#3 /vagrant/www/me/zeanleague/lib/Cake/Core/App.php(943): App::_checkFatalError()
#4 [internal function]: App::shutdown()
#5 {main}
2016-06-14 15:53:29 Error: Fatal Error (64): Cannot redeclare AppController::$components in [/vagrant/www/me/zeanleague/app/Controller/AppController.php, line 69]
2016-06-14 15:53:29 Error: [FatalErrorException] Cannot redeclare AppController::$components
Request URL: /me/zeanleague/users/login
Stack Trace:
#0 /vagrant/www/me/zeanleague/lib/Cake/Error/ErrorHandler.php(213): ErrorHandler::handleFatalError(64, 'Cannot redeclar...', '/vagrant/www/me...', 69)
#1 [internal function]: ErrorHandler::handleError(64, 'Cannot redeclar...', '/vagrant/www/me...', 69, Array)
#2 /vagrant/www/me/zeanleague/lib/Cake/Core/App.php(970): call_user_func('ErrorHandler::h...', 64, 'Cannot redeclar...', '/vagrant/www/me...', 69, Array)
#3 /vagrant/www/me/zeanleague/lib/Cake/Core/App.php(943): App::_checkFatalError()
#4 [internal function]: App::shutdown()
#5 {main}
2016-06-14 15:54:02 Error: [BadRequestException] The request has been black-holed
Request URL: /me/zeanleague/users/login
Stack Trace:
#0 /vagrant/www/me/zeanleague/lib/Cake/Controller/Component/SecurityComponent.php(240): SecurityComponent->blackHole(Object(UsersController), 'auth')
#1 [internal function]: SecurityComponent->startup(Object(UsersController))
#2 /vagrant/www/me/zeanleague/lib/Cake/Utility/ObjectCollection.php(128): call_user_func_array(Array, Array)
#3 [internal function]: ObjectCollection->trigger(Object(CakeEvent))
#4 /vagrant/www/me/zeanleague/lib/Cake/Event/CakeEventManager.php(243): call_user_func(Array, Object(CakeEvent))
#5 /vagrant/www/me/zeanleague/lib/Cake/Controller/Controller.php(678): CakeEventManager->dispatch(Object(CakeEvent))
#6 /vagrant/www/me/zeanleague/lib/Cake/Routing/Dispatcher.php(189): Controller->startupProcess()
#7 /vagrant/www/me/zeanleague/lib/Cake/Routing/Dispatcher.php(167): Dispatcher->_invoke(Object(UsersController), Object(CakeRequest))
#8 /vagrant/www/me/zeanleague/app/webroot/index.php(111): Dispatcher->dispatch(Object(CakeRequest), Object(CakeResponse))
#9 {main}
2016-06-14 16:21:02 Error: [BadRequestException] The request has been black-holed
Request URL: /me/zeanleague/users/login
Stack Trace:
#0 /vagrant/www/me/zeanleague/lib/Cake/Controller/Component/SecurityComponent.php(243): SecurityComponent->blackHole(Object(UsersController), 'csrf')
#1 [internal function]: SecurityComponent->startup(Object(UsersController))
#2 /vagrant/www/me/zeanleague/lib/Cake/Utility/ObjectCollection.php(128): call_user_func_array(Array, Array)
#3 [internal function]: ObjectCollection->trigger(Object(CakeEvent))
#4 /vagrant/www/me/zeanleague/lib/Cake/Event/CakeEventManager.php(243): call_user_func(Array, Object(CakeEvent))
#5 /vagrant/www/me/zeanleague/lib/Cake/Controller/Controller.php(678): CakeEventManager->dispatch(Object(CakeEvent))
#6 /vagrant/www/me/zeanleague/lib/Cake/Routing/Dispatcher.php(189): Controller->startupProcess()
#7 /vagrant/www/me/zeanleague/lib/Cake/Routing/Dispatcher.php(167): Dispatcher->_invoke(Object(UsersController), Object(CakeRequest))
#8 /vagrant/www/me/zeanleague/app/webroot/index.php(111): Dispatcher->dispatch(Object(CakeRequest), Object(CakeResponse))
#9 {main}
2016-06-14 16:35:34 Error: Fatal Error (4): syntax error, unexpected '{' in [/vagrant/www/me/zeanleague/app/Controller/UsersController.php, line 49]
2016-06-14 16:35:34 Error: [FatalErrorException] syntax error, unexpected '{'
Request URL: /me/zeanleague/users/login
Stack Trace:
#0 /vagrant/www/me/zeanleague/lib/Cake/Error/ErrorHandler.php(213): ErrorHandler::handleFatalError(4, 'syntax error, u...', '/vagrant/www/me...', 49)
#1 [internal function]: ErrorHandler::handleError(4, 'syntax error, u...', '/vagrant/www/me...', 49, Array)
#2 /vagrant/www/me/zeanleague/lib/Cake/Core/App.php(970): call_user_func('ErrorHandler::h...', 4, 'syntax error, u...', '/vagrant/www/me...', 49, Array)
#3 /vagrant/www/me/zeanleague/lib/Cake/Core/App.php(943): App::_checkFatalError()
#4 [internal function]: App::shutdown()
#5 {main}
2016-06-14 16:35:37 Error: Fatal Error (4): syntax error, unexpected '{' in [/vagrant/www/me/zeanleague/app/Controller/UsersController.php, line 49]
2016-06-14 16:35:37 Error: [FatalErrorException] syntax error, unexpected '{'
Request URL: /me/zeanleague/users/login
Stack Trace:
#0 /vagrant/www/me/zeanleague/lib/Cake/Error/ErrorHandler.php(213): ErrorHandler::handleFatalError(4, 'syntax error, u...', '/vagrant/www/me...', 49)
#1 [internal function]: ErrorHandler::handleError(4, 'syntax error, u...', '/vagrant/www/me...', 49, Array)
#2 /vagrant/www/me/zeanleague/lib/Cake/Core/App.php(970): call_user_func('ErrorHandler::h...', 4, 'syntax error, u...', '/vagrant/www/me...', 49, Array)
#3 /vagrant/www/me/zeanleague/lib/Cake/Core/App.php(943): App::_checkFatalError()
#4 [internal function]: App::shutdown()
#5 {main}
2016-06-14 16:35:46 Error: Fatal Error (4): syntax error, unexpected '{' in [/vagrant/www/me/zeanleague/app/Controller/UsersController.php, line 49]
2016-06-14 16:35:46 Error: [FatalErrorException] syntax error, unexpected '{'
Request URL: /me/zeanleague/users/login
Stack Trace:
#0 /vagrant/www/me/zeanleague/lib/Cake/Error/ErrorHandler.php(213): ErrorHandler::handleFatalError(4, 'syntax error, u...', '/vagrant/www/me...', 49)
#1 [internal function]: ErrorHandler::handleError(4, 'syntax error, u...', '/vagrant/www/me...', 49, Array)
#2 /vagrant/www/me/zeanleague/lib/Cake/Core/App.php(970): call_user_func('ErrorHandler::h...', 4, 'syntax error, u...', '/vagrant/www/me...', 49, Array)
#3 /vagrant/www/me/zeanleague/lib/Cake/Core/App.php(943): App::_checkFatalError()
#4 [internal function]: App::shutdown()
#5 {main}
2016-06-14 14:01:46 Error: [PDOException] SQLSTATE[42000]: Syntax error or access violation: 1064 You have an error in your SQL syntax; check the manual that corresponds to your MySQL server version for the right syntax to use near 'getTeamsCompetitionsToday' at line 1
Request URL: /zeanleague_v2/
Stack Trace:
#0 /vagrant/src/zeanleague_v2/lib/Cake/Model/Datasource/DboSource.php(461): PDOStatement->execute(Array)
#1 /vagrant/src/zeanleague_v2/lib/Cake/Model/Datasource/DboSource.php(427): DboSource->_execute('getTeamsCompeti...', Array)
#2 /vagrant/src/zeanleague_v2/lib/Cake/Model/Datasource/DboSource.php(664): DboSource->execute('getTeamsCompeti...', Array, Array)
#3 /vagrant/src/zeanleague_v2/lib/Cake/Model/Datasource/DboSource.php(607): DboSource->fetchAll('getTeamsCompeti...', Array, Array)
#4 /vagrant/src/zeanleague_v2/lib/Cake/Model/Model.php(827): DboSource->query('getTeamsCompeti...', Array, Object(TeamsCompetition))
#5 /vagrant/src/zeanleague_v2/app/Controller/PagesController.php(54): Model->__call('getTeamsCompeti...', Array)
#6 /vagrant/src/zeanleague_v2/app/Controller/PagesController.php(54): TeamsCompetition->getTeamsCompetitionsToday()
#7 [internal function]: PagesController->index()
#8 /vagrant/src/zeanleague_v2/lib/Cake/Controller/Controller.php(491): ReflectionMethod->invokeArgs(Object(PagesController), Array)
#9 /vagrant/src/zeanleague_v2/lib/Cake/Routing/Dispatcher.php(193): Controller->invokeAction(Object(CakeRequest))
#10 /vagrant/src/zeanleague_v2/lib/Cake/Routing/Dispatcher.php(167): Dispatcher->_invoke(Object(PagesController), Object(CakeRequest))
#11 /vagrant/src/zeanleague_v2/app/webroot/index.php(111): Dispatcher->dispatch(Object(CakeRequest), Object(CakeResponse))
#12 {main}
2016-06-14 14:09:00 Error: [MissingPluginException] Plugin Upload could not be found.
Exception Attributes: array (
  'plugin' => 'Upload',
)
Request URL: /zeanleague_v2/
Stack Trace:
#0 /vagrant/src/zeanleague_v2/lib/Cake/Core/App.php(227): CakePlugin::path('Upload')
#1 /vagrant/src/zeanleague_v2/lib/Cake/Core/App.php(549): App::path('Model/Behavior', 'Upload')
#2 [internal function]: App::load('UploadBehavior')
#3 [internal function]: spl_autoload_call('UploadBehavior')
#4 /vagrant/src/zeanleague_v2/lib/Cake/Model/BehaviorCollection.php(120): class_exists('UploadBehavior')
#5 /vagrant/src/zeanleague_v2/lib/Cake/Model/BehaviorCollection.php(66): BehaviorCollection->load('Upload.Upload', Array)
#6 /vagrant/src/zeanleague_v2/lib/Cake/Model/Model.php(774): BehaviorCollection->init('CompetitionsTyp...', Array)
#7 [internal function]: Model->__construct(Array)
#8 /vagrant/src/zeanleague_v2/lib/Cake/Utility/ClassRegistry.php(169): ReflectionClass->newInstance(Array)
#9 /vagrant/src/zeanleague_v2/lib/Cake/Model/Model.php(1077): ClassRegistry::init(Array)
#10 /vagrant/src/zeanleague_v2/lib/Cake/Model/Model.php(886): Model->_constructLinkedModel('CompetitionsTyp...', 'CompetitionsTyp...', NULL)
#11 /vagrant/src/zeanleague_v2/lib/Cake/Model/Model.php(919): Model->__isset('CompetitionsTyp...')
#12 /vagrant/src/zeanleague_v2/lib/Cake/Model/Datasource/DboSource.php(1088): Model->__get('CompetitionsTyp...')
#13 /vagrant/src/zeanleague_v2/lib/Cake/Model/Model.php(3031): DboSource->read(Object(TeamsCompetition), Array)
#14 /vagrant/src/zeanleague_v2/lib/Cake/Model/Model.php(3003): Model->_readDataSource('all', Array)
#15 /vagrant/src/zeanleague_v2/app/Model/TeamsCompetition.php(110): Model->find('all', Array)
#16 /vagrant/src/zeanleague_v2/app/Controller/PagesController.php(54): TeamsCompetition->getTeamsCompetitionsToday()
#17 [internal function]: PagesController->index()
#18 /vagrant/src/zeanleague_v2/lib/Cake/Controller/Controller.php(491): ReflectionMethod->invokeArgs(Object(PagesController), Array)
#19 /vagrant/src/zeanleague_v2/lib/Cake/Routing/Dispatcher.php(193): Controller->invokeAction(Object(CakeRequest))
#20 /vagrant/src/zeanleague_v2/lib/Cake/Routing/Dispatcher.php(167): Dispatcher->_invoke(Object(PagesController), Object(CakeRequest))
#21 /vagrant/src/zeanleague_v2/app/webroot/index.php(111): Dispatcher->dispatch(Object(CakeRequest), Object(CakeResponse))
#22 {main}
2016-06-14 14:52:13 Error: [MissingActionException] Action UsersController::users() could not be found.
Exception Attributes: array (
  'controller' => 'UsersController',
  'action' => 'users',
)
Request URL: /zeanleague_v2/users/users/login
Stack Trace:
#0 /vagrant/src/zeanleague_v2/lib/Cake/Routing/Dispatcher.php(193): Controller->invokeAction(Object(CakeRequest))
#1 /vagrant/src/zeanleague_v2/lib/Cake/Routing/Dispatcher.php(167): Dispatcher->_invoke(Object(UsersController), Object(CakeRequest))
#2 /vagrant/src/zeanleague_v2/app/webroot/index.php(111): Dispatcher->dispatch(Object(CakeRequest), Object(CakeResponse))
#3 {main}
2016-06-14 14:55:18 Error: [BadRequestException] The request has been black-holed
Request URL: /zeanleague_v2/users/register
Stack Trace:
#0 /vagrant/src/zeanleague_v2/lib/Cake/Controller/Component/SecurityComponent.php(243): SecurityComponent->blackHole(Object(UsersController), 'csrf')
#1 [internal function]: SecurityComponent->startup(Object(UsersController))
#2 /vagrant/src/zeanleague_v2/lib/Cake/Utility/ObjectCollection.php(128): call_user_func_array(Array, Array)
#3 [internal function]: ObjectCollection->trigger(Object(CakeEvent))
#4 /vagrant/src/zeanleague_v2/lib/Cake/Event/CakeEventManager.php(243): call_user_func(Array, Object(CakeEvent))
#5 /vagrant/src/zeanleague_v2/lib/Cake/Controller/Controller.php(678): CakeEventManager->dispatch(Object(CakeEvent))
#6 /vagrant/src/zeanleague_v2/lib/Cake/Routing/Dispatcher.php(189): Controller->startupProcess()
#7 /vagrant/src/zeanleague_v2/lib/Cake/Routing/Dispatcher.php(167): Dispatcher->_invoke(Object(UsersController), Object(CakeRequest))
#8 /vagrant/src/zeanleague_v2/app/webroot/index.php(111): Dispatcher->dispatch(Object(CakeRequest), Object(CakeResponse))
#9 {main}
2016-06-14 14:56:19 Error: [BadRequestException] The request has been black-holed
Request URL: /zeanleague_v2/users/register
Stack Trace:
#0 /vagrant/src/zeanleague_v2/lib/Cake/Controller/Component/SecurityComponent.php(243): SecurityComponent->blackHole(Object(UsersController), 'csrf')
#1 [internal function]: SecurityComponent->startup(Object(UsersController))
#2 /vagrant/src/zeanleague_v2/lib/Cake/Utility/ObjectCollection.php(128): call_user_func_array(Array, Array)
#3 [internal function]: ObjectCollection->trigger(Object(CakeEvent))
#4 /vagrant/src/zeanleague_v2/lib/Cake/Event/CakeEventManager.php(243): call_user_func(Array, Object(CakeEvent))
#5 /vagrant/src/zeanleague_v2/lib/Cake/Controller/Controller.php(678): CakeEventManager->dispatch(Object(CakeEvent))
#6 /vagrant/src/zeanleague_v2/lib/Cake/Routing/Dispatcher.php(189): Controller->startupProcess()
#7 /vagrant/src/zeanleague_v2/lib/Cake/Routing/Dispatcher.php(167): Dispatcher->_invoke(Object(UsersController), Object(CakeRequest))
#8 /vagrant/src/zeanleague_v2/app/webroot/index.php(111): Dispatcher->dispatch(Object(CakeRequest), Object(CakeResponse))
#9 {main}
2016-06-14 15:43:16 Error: [MissingActionException] Action MembersController::uploadLogo() could not be found.
Exception Attributes: array (
  'controller' => 'MembersController',
  'action' => 'uploadLogo',
)
Request URL: /zeanleague_v2/members/uploadLogo
Stack Trace:
#0 /vagrant/src/zeanleague_v2/lib/Cake/Routing/Dispatcher.php(193): Controller->invokeAction(Object(CakeRequest))
#1 /vagrant/src/zeanleague_v2/lib/Cake/Routing/Dispatcher.php(167): Dispatcher->_invoke(Object(MembersController), Object(CakeRequest))
#2 /vagrant/src/zeanleague_v2/app/webroot/index.php(111): Dispatcher->dispatch(Object(CakeRequest), Object(CakeResponse))
#3 {main}
2016-06-14 15:56:25 Error: Fatal Error (1): Call to private method AppController::__setJsonResponse() from context 'MembersController' in [/vagrant/src/zeanleague_v2/app/Controller/MembersController.php, line 58]
2016-06-14 15:56:25 Error: [FatalErrorException] Call to private method AppController::__setJsonResponse() from context 'MembersController'
Request URL: /zeanleague_v2/members/uploadLogo
Stack Trace:
#0 /vagrant/src/zeanleague_v2/lib/Cake/Error/ErrorHandler.php(213): ErrorHandler::handleFatalError(1, 'Call to private...', '/vagrant/src/ze...', 58)
#1 [internal function]: ErrorHandler::handleError(1, 'Call to private...', '/vagrant/src/ze...', 58, Array)
#2 /vagrant/src/zeanleague_v2/lib/Cake/Core/App.php(970): call_user_func('ErrorHandler::h...', 1, 'Call to private...', '/vagrant/src/ze...', 58, Array)
#3 /vagrant/src/zeanleague_v2/lib/Cake/Core/App.php(943): App::_checkFatalError()
#4 [internal function]: App::shutdown()
#5 {main}
2016-06-14 16:06:09 Error: [NotFoundException] The requested file /vagrant/src/zeanleague_v2/app/webroot/files/team/avatar_image/9/thumb_550921c0272f3386841ef7d11da65c5d.jpg was not found or not readable
Request URL: /zeanleague_v2/images/imageThumb/team/avatar_image/9/thumb_550921c0272f3386841ef7d11da65c5d.jpg
Stack Trace:
#0 /vagrant/src/zeanleague_v2/app/Controller/ImagesController.php(20): CakeResponse->file('webroot/files/t...')
#1 [internal function]: ImagesController->imageThumb('team', 'avatar_image', '9', 'thumb_550921c02...')
#2 /vagrant/src/zeanleague_v2/lib/Cake/Controller/Controller.php(491): ReflectionMethod->invokeArgs(Object(ImagesController), Array)
#3 /vagrant/src/zeanleague_v2/lib/Cake/Routing/Dispatcher.php(193): Controller->invokeAction(Object(CakeRequest))
#4 /vagrant/src/zeanleague_v2/lib/Cake/Routing/Dispatcher.php(167): Dispatcher->_invoke(Object(ImagesController), Object(CakeRequest))
#5 /vagrant/src/zeanleague_v2/app/webroot/index.php(111): Dispatcher->dispatch(Object(CakeRequest), Object(CakeResponse))
#6 {main}
2016-06-14 16:32:04 Error: [BadRequestException] The request has been black-holed
Request URL: /zeanleague_v2/members/profile
Stack Trace:
#0 /vagrant/src/zeanleague_v2/lib/Cake/Controller/Component/SecurityComponent.php(243): SecurityComponent->blackHole(Object(MembersController), 'csrf')
#1 [internal function]: SecurityComponent->startup(Object(MembersController))
#2 /vagrant/src/zeanleague_v2/lib/Cake/Utility/ObjectCollection.php(128): call_user_func_array(Array, Array)
#3 [internal function]: ObjectCollection->trigger(Object(CakeEvent))
#4 /vagrant/src/zeanleague_v2/lib/Cake/Event/CakeEventManager.php(243): call_user_func(Array, Object(CakeEvent))
#5 /vagrant/src/zeanleague_v2/lib/Cake/Controller/Controller.php(678): CakeEventManager->dispatch(Object(CakeEvent))
#6 /vagrant/src/zeanleague_v2/lib/Cake/Routing/Dispatcher.php(189): Controller->startupProcess()
#7 /vagrant/src/zeanleague_v2/lib/Cake/Routing/Dispatcher.php(167): Dispatcher->_invoke(Object(MembersController), Object(CakeRequest))
#8 /vagrant/src/zeanleague_v2/app/webroot/index.php(111): Dispatcher->dispatch(Object(CakeRequest), Object(CakeResponse))
#9 {main}
2016-06-14 16:49:54 Error: [BadRequestException] The request has been black-holed
Request URL: /zeanleague_v2/members/uploadLogo
Stack Trace:
#0 /vagrant/src/zeanleague_v2/lib/Cake/Controller/Component/SecurityComponent.php(243): SecurityComponent->blackHole(Object(MembersController), 'csrf')
#1 [internal function]: SecurityComponent->startup(Object(MembersController))
#2 /vagrant/src/zeanleague_v2/lib/Cake/Utility/ObjectCollection.php(128): call_user_func_array(Array, Array)
#3 [internal function]: ObjectCollection->trigger(Object(CakeEvent))
#4 /vagrant/src/zeanleague_v2/lib/Cake/Event/CakeEventManager.php(243): call_user_func(Array, Object(CakeEvent))
#5 /vagrant/src/zeanleague_v2/lib/Cake/Controller/Controller.php(678): CakeEventManager->dispatch(Object(CakeEvent))
#6 /vagrant/src/zeanleague_v2/lib/Cake/Routing/Dispatcher.php(189): Controller->startupProcess()
#7 /vagrant/src/zeanleague_v2/lib/Cake/Routing/Dispatcher.php(167): Dispatcher->_invoke(Object(MembersController), Object(CakeRequest))
#8 /vagrant/src/zeanleague_v2/app/webroot/index.php(111): Dispatcher->dispatch(Object(CakeRequest), Object(CakeResponse))
#9 {main}
2016-06-15 13:14:17 Error: Fatal Error (4): syntax error, unexpected '}' in [/vagrant/www/me/zeanleague/app/Model/TeamsCompetition.php, line 118]
2016-06-15 13:14:17 Error: [FatalErrorException] syntax error, unexpected '}'
Request URL: /me/zeanleague/
Stack Trace:
#0 /vagrant/www/me/zeanleague/lib/Cake/Error/ErrorHandler.php(213): ErrorHandler::handleFatalError(4, 'syntax error, u...', '/vagrant/www/me...', 118)
#1 [internal function]: ErrorHandler::handleError(4, 'syntax error, u...', '/vagrant/www/me...', 118, Array)
#2 /vagrant/www/me/zeanleague/lib/Cake/Core/App.php(970): call_user_func('ErrorHandler::h...', 4, 'syntax error, u...', '/vagrant/www/me...', 118, Array)
#3 /vagrant/www/me/zeanleague/lib/Cake/Core/App.php(943): App::_checkFatalError()
#4 [internal function]: App::shutdown()
#5 {main}
2016-06-15 13:17:25 Error: Fatal Error (4): syntax error, unexpected ';', expecting ')' in [/vagrant/www/me/zeanleague/app/Model/TeamsCompetition.php, line 114]
2016-06-15 13:17:25 Error: [FatalErrorException] syntax error, unexpected ';', expecting ')'
Request URL: /me/zeanleague/
Stack Trace:
#0 /vagrant/www/me/zeanleague/lib/Cake/Error/ErrorHandler.php(213): ErrorHandler::handleFatalError(4, 'syntax error, u...', '/vagrant/www/me...', 114)
#1 [internal function]: ErrorHandler::handleError(4, 'syntax error, u...', '/vagrant/www/me...', 114, Array)
#2 /vagrant/www/me/zeanleague/lib/Cake/Core/App.php(970): call_user_func('ErrorHandler::h...', 4, 'syntax error, u...', '/vagrant/www/me...', 114, Array)
#3 /vagrant/www/me/zeanleague/lib/Cake/Core/App.php(943): App::_checkFatalError()
#4 [internal function]: App::shutdown()
#5 {main}
2016-06-15 13:17:34 Error: Fatal Error (4): syntax error, unexpected T_VARIABLE in [/vagrant/www/me/zeanleague/app/Model/TeamsCompetition.php, line 118]
2016-06-15 13:17:34 Error: [FatalErrorException] syntax error, unexpected T_VARIABLE
Request URL: /me/zeanleague/
Stack Trace:
#0 /vagrant/www/me/zeanleague/lib/Cake/Error/ErrorHandler.php(213): ErrorHandler::handleFatalError(4, 'syntax error, u...', '/vagrant/www/me...', 118)
#1 [internal function]: ErrorHandler::handleError(4, 'syntax error, u...', '/vagrant/www/me...', 118, Array)
#2 /vagrant/www/me/zeanleague/lib/Cake/Core/App.php(970): call_user_func('ErrorHandler::h...', 4, 'syntax error, u...', '/vagrant/www/me...', 118, Array)
#3 /vagrant/www/me/zeanleague/lib/Cake/Core/App.php(943): App::_checkFatalError()
#4 [internal function]: App::shutdown()
#5 {main}
2016-06-15 13:19:03 Error: Fatal Error (4): syntax error, unexpected '}' in [/vagrant/www/me/zeanleague/app/Model/TeamsCompetition.php, line 144]
2016-06-15 13:19:03 Error: [FatalErrorException] syntax error, unexpected '}'
Request URL: /me/zeanleague/
Stack Trace:
#0 /vagrant/www/me/zeanleague/lib/Cake/Error/ErrorHandler.php(213): ErrorHandler::handleFatalError(4, 'syntax error, u...', '/vagrant/www/me...', 144)
#1 [internal function]: ErrorHandler::handleError(4, 'syntax error, u...', '/vagrant/www/me...', 144, Array)
#2 /vagrant/www/me/zeanleague/lib/Cake/Core/App.php(970): call_user_func('ErrorHandler::h...', 4, 'syntax error, u...', '/vagrant/www/me...', 144, Array)
#3 /vagrant/www/me/zeanleague/lib/Cake/Core/App.php(943): App::_checkFatalError()
#4 [internal function]: App::shutdown()
#5 {main}
2016-06-15 13:19:20 Error: [MissingBehaviorException] Behavior class UploadBehavior could not be found.
Exception Attributes: array (
  'class' => 'UploadBehavior',
  'plugin' => 'Upload',
)
Request URL: /me/zeanleague/
Stack Trace:
#0 /vagrant/www/me/zeanleague/lib/Cake/Model/BehaviorCollection.php(66): BehaviorCollection->load('Upload.Upload', Array)
#1 /vagrant/www/me/zeanleague/lib/Cake/Model/Model.php(774): BehaviorCollection->init('CompetitionsTyp...', Array)
#2 [internal function]: Model->__construct(Array)
#3 /vagrant/www/me/zeanleague/lib/Cake/Utility/ClassRegistry.php(169): ReflectionClass->newInstance(Array)
#4 /vagrant/www/me/zeanleague/lib/Cake/Model/Model.php(1077): ClassRegistry::init(Array)
#5 /vagrant/www/me/zeanleague/lib/Cake/Model/Model.php(886): Model->_constructLinkedModel('CompetitionsTyp...', 'CompetitionsTyp...', NULL)
#6 /vagrant/www/me/zeanleague/lib/Cake/Model/Model.php(919): Model->__isset('CompetitionsTyp...')
#7 /vagrant/www/me/zeanleague/lib/Cake/Model/Datasource/DboSource.php(1088): Model->__get('CompetitionsTyp...')
#8 /vagrant/www/me/zeanleague/lib/Cake/Model/Model.php(3031): DboSource->read(Object(TeamsCompetition), Array)
#9 /vagrant/www/me/zeanleague/lib/Cake/Model/Model.php(3003): Model->_readDataSource('all', Array)
#10 /vagrant/www/me/zeanleague/app/Model/TeamsCompetition.php(142): Model->find('all', Array)
#11 /vagrant/www/me/zeanleague/app/Model/TeamsCompetition.php(108): TeamsCompetition->getTeamsCompetitionsDate(false)
#12 /vagrant/www/me/zeanleague/app/Controller/PagesController.php(54): TeamsCompetition->getTeamsCompetitionsToday()
#13 [internal function]: PagesController->index()
#14 /vagrant/www/me/zeanleague/lib/Cake/Controller/Controller.php(491): ReflectionMethod->invokeArgs(Object(PagesController), Array)
#15 /vagrant/www/me/zeanleague/lib/Cake/Routing/Dispatcher.php(193): Controller->invokeAction(Object(CakeRequest))
#16 /vagrant/www/me/zeanleague/lib/Cake/Routing/Dispatcher.php(167): Dispatcher->_invoke(Object(PagesController), Object(CakeRequest))
#17 /vagrant/www/me/zeanleague/app/webroot/index.php(111): Dispatcher->dispatch(Object(CakeRequest), Object(CakeResponse))
#18 {main}
2016-06-15 13:30:00 Error: Fatal Error (4): syntax error, unexpected '[' in [/vagrant/www/me/zeanleague/app/Model/TeamsCompetition.php, line 109]
2016-06-15 13:30:00 Error: [FatalErrorException] syntax error, unexpected '['
Request URL: /me/zeanleague/
Stack Trace:
#0 /vagrant/www/me/zeanleague/lib/Cake/Error/ErrorHandler.php(213): ErrorHandler::handleFatalError(4, 'syntax error, u...', '/vagrant/www/me...', 109)
#1 [internal function]: ErrorHandler::handleError(4, 'syntax error, u...', '/vagrant/www/me...', 109, Array)
#2 /vagrant/www/me/zeanleague/lib/Cake/Core/App.php(970): call_user_func('ErrorHandler::h...', 4, 'syntax error, u...', '/vagrant/www/me...', 109, Array)
#3 /vagrant/www/me/zeanleague/lib/Cake/Core/App.php(943): App::_checkFatalError()
#4 [internal function]: App::shutdown()
#5 {main}
2016-06-15 13:35:09 Error: [MissingActionException] Action UsersController::profile() could not be found.
Exception Attributes: array (
  'controller' => 'UsersController',
  'action' => 'profile',
)
Request URL: /me/zeanleague/users/profile
Stack Trace:
#0 /vagrant/www/me/zeanleague/lib/Cake/Routing/Dispatcher.php(193): Controller->invokeAction(Object(CakeRequest))
#1 /vagrant/www/me/zeanleague/lib/Cake/Routing/Dispatcher.php(167): Dispatcher->_invoke(Object(UsersController), Object(CakeRequest))
#2 /vagrant/www/me/zeanleague/app/webroot/index.php(111): Dispatcher->dispatch(Object(CakeRequest), Object(CakeResponse))
#3 {main}
2016-06-15 14:28:08 Error: Fatal Error (4): syntax error, unexpected T_STRING, expecting ')' in [/vagrant/www/me/zeanleague/app/Controller/TeamsCompetitionsController.php, line 27]
2016-06-15 14:28:08 Error: [FatalErrorException] syntax error, unexpected T_STRING, expecting ')'
Request URL: /me/zeanleague/teams_competitions/passed
Stack Trace:
#0 /vagrant/www/me/zeanleague/lib/Cake/Error/ErrorHandler.php(213): ErrorHandler::handleFatalError(4, 'syntax error, u...', '/vagrant/www/me...', 27)
#1 [internal function]: ErrorHandler::handleError(4, 'syntax error, u...', '/vagrant/www/me...', 27, Array)
#2 /vagrant/www/me/zeanleague/lib/Cake/Core/App.php(970): call_user_func('ErrorHandler::h...', 4, 'syntax error, u...', '/vagrant/www/me...', 27, Array)
#3 /vagrant/www/me/zeanleague/lib/Cake/Core/App.php(943): App::_checkFatalError()
#4 [internal function]: App::shutdown()
#5 {main}
2016-06-15 14:37:33 Error: Fatal Error (4): syntax error, unexpected T_CONSTANT_ENCAPSED_STRING, expecting ')' in [/vagrant/www/me/zeanleague/app/Controller/TeamsCompetitionsController.php, line 35]
2016-06-15 14:37:33 Error: [FatalErrorException] syntax error, unexpected T_CONSTANT_ENCAPSED_STRING, expecting ')'
Request URL: /me/zeanleague/teams_competitions/passed
Stack Trace:
#0 /vagrant/www/me/zeanleague/lib/Cake/Error/ErrorHandler.php(213): ErrorHandler::handleFatalError(4, 'syntax error, u...', '/vagrant/www/me...', 35)
#1 [internal function]: ErrorHandler::handleError(4, 'syntax error, u...', '/vagrant/www/me...', 35, Array)
#2 /vagrant/www/me/zeanleague/lib/Cake/Core/App.php(970): call_user_func('ErrorHandler::h...', 4, 'syntax error, u...', '/vagrant/www/me...', 35, Array)
#3 /vagrant/www/me/zeanleague/lib/Cake/Core/App.php(943): App::_checkFatalError()
#4 [internal function]: App::shutdown()
#5 {main}
2016-06-15 16:32:10 Error: [PDOException] SQLSTATE[42S22]: Column not found: 1054 Unknown column 'Group.group_id' in 'on clause'
Request URL: /me/zeanleague/members/profile
Stack Trace:
#0 /vagrant/www/me/zeanleague/lib/Cake/Model/Datasource/DboSource.php(461): PDOStatement->execute(Array)
#1 /vagrant/www/me/zeanleague/lib/Cake/Model/Datasource/DboSource.php(427): DboSource->_execute('SELECT `Member`...', Array)
#2 /vagrant/www/me/zeanleague/lib/Cake/Model/Datasource/DboSource.php(664): DboSource->execute('SELECT `Member`...', Array, Array)
#3 /vagrant/www/me/zeanleague/lib/Cake/Model/Datasource/DboSource.php(1113): DboSource->fetchAll('SELECT `Member`...', false)
#4 /vagrant/www/me/zeanleague/lib/Cake/Model/Model.php(3031): DboSource->read(Object(Member), Array)
#5 /vagrant/www/me/zeanleague/lib/Cake/Model/Model.php(3003): Model->_readDataSource('first', Array)
#6 /vagrant/www/me/zeanleague/lib/Cake/Model/Datasource/DboSource.php(595): Model->find('first', Array)
#7 /vagrant/www/me/zeanleague/lib/Cake/Model/Model.php(827): DboSource->query('findById', Array, Object(Member))
#8 /vagrant/www/me/zeanleague/app/Controller/MembersController.php(31): Model->__call('findById', Array)
#9 /vagrant/www/me/zeanleague/app/Controller/MembersController.php(31): Member->findById('9')
#10 [internal function]: MembersController->profile()
#11 /vagrant/www/me/zeanleague/lib/Cake/Controller/Controller.php(491): ReflectionMethod->invokeArgs(Object(MembersController), Array)
#12 /vagrant/www/me/zeanleague/lib/Cake/Routing/Dispatcher.php(193): Controller->invokeAction(Object(CakeRequest))
#13 /vagrant/www/me/zeanleague/lib/Cake/Routing/Dispatcher.php(167): Dispatcher->_invoke(Object(MembersController), Object(CakeRequest))
#14 /vagrant/www/me/zeanleague/app/webroot/index.php(111): Dispatcher->dispatch(Object(CakeRequest), Object(CakeResponse))
#15 {main}
2016-06-15 16:33:36 Error: [PDOException] SQLSTATE[42S22]: Column not found: 1054 Unknown column 'Group.member_id' in 'on clause'
Request URL: /me/zeanleague/members/profile
Stack Trace:
#0 /vagrant/www/me/zeanleague/lib/Cake/Model/Datasource/DboSource.php(461): PDOStatement->execute(Array)
#1 /vagrant/www/me/zeanleague/lib/Cake/Model/Datasource/DboSource.php(427): DboSource->_execute('SELECT `Member`...', Array)
#2 /vagrant/www/me/zeanleague/lib/Cake/Model/Datasource/DboSource.php(664): DboSource->execute('SELECT `Member`...', Array, Array)
#3 /vagrant/www/me/zeanleague/lib/Cake/Model/Datasource/DboSource.php(1113): DboSource->fetchAll('SELECT `Member`...', false)
#4 /vagrant/www/me/zeanleague/lib/Cake/Model/Model.php(3031): DboSource->read(Object(Member), Array)
#5 /vagrant/www/me/zeanleague/lib/Cake/Model/Model.php(3003): Model->_readDataSource('first', Array)
#6 /vagrant/www/me/zeanleague/lib/Cake/Model/Datasource/DboSource.php(595): Model->find('first', Array)
#7 /vagrant/www/me/zeanleague/lib/Cake/Model/Model.php(827): DboSource->query('findById', Array, Object(Member))
#8 /vagrant/www/me/zeanleague/app/Controller/MembersController.php(31): Model->__call('findById', Array)
#9 /vagrant/www/me/zeanleague/app/Controller/MembersController.php(31): Member->findById('9')
#10 [internal function]: MembersController->profile()
#11 /vagrant/www/me/zeanleague/lib/Cake/Controller/Controller.php(491): ReflectionMethod->invokeArgs(Object(MembersController), Array)
#12 /vagrant/www/me/zeanleague/lib/Cake/Routing/Dispatcher.php(193): Controller->invokeAction(Object(CakeRequest))
#13 /vagrant/www/me/zeanleague/lib/Cake/Routing/Dispatcher.php(167): Dispatcher->_invoke(Object(MembersController), Object(CakeRequest))
#14 /vagrant/www/me/zeanleague/app/webroot/index.php(111): Dispatcher->dispatch(Object(CakeRequest), Object(CakeResponse))
#15 {main}
2016-06-15 16:35:35 Error: [PDOException] SQLSTATE[42S22]: Column not found: 1054 Unknown column 'Group.member_id' in 'on clause'
Request URL: /me/zeanleague/members/profile
Stack Trace:
#0 /vagrant/www/me/zeanleague/lib/Cake/Model/Datasource/DboSource.php(461): PDOStatement->execute(Array)
#1 /vagrant/www/me/zeanleague/lib/Cake/Model/Datasource/DboSource.php(427): DboSource->_execute('SELECT `Member`...', Array)
#2 /vagrant/www/me/zeanleague/lib/Cake/Model/Datasource/DboSource.php(664): DboSource->execute('SELECT `Member`...', Array, Array)
#3 /vagrant/www/me/zeanleague/lib/Cake/Model/Datasource/DboSource.php(1113): DboSource->fetchAll('SELECT `Member`...', false)
#4 /vagrant/www/me/zeanleague/lib/Cake/Model/Model.php(3031): DboSource->read(Object(Member), Array)
#5 /vagrant/www/me/zeanleague/lib/Cake/Model/Model.php(3003): Model->_readDataSource('first', Array)
#6 /vagrant/www/me/zeanleague/lib/Cake/Model/Datasource/DboSource.php(595): Model->find('first', Array)
#7 /vagrant/www/me/zeanleague/lib/Cake/Model/Model.php(827): DboSource->query('findById', Array, Object(Member))
#8 /vagrant/www/me/zeanleague/app/Controller/MembersController.php(31): Model->__call('findById', Array)
#9 /vagrant/www/me/zeanleague/app/Controller/MembersController.php(31): Member->findById('9')
#10 [internal function]: MembersController->profile()
#11 /vagrant/www/me/zeanleague/lib/Cake/Controller/Controller.php(491): ReflectionMethod->invokeArgs(Object(MembersController), Array)
#12 /vagrant/www/me/zeanleague/lib/Cake/Routing/Dispatcher.php(193): Controller->invokeAction(Object(CakeRequest))
#13 /vagrant/www/me/zeanleague/lib/Cake/Routing/Dispatcher.php(167): Dispatcher->_invoke(Object(MembersController), Object(CakeRequest))
#14 /vagrant/www/me/zeanleague/app/webroot/index.php(111): Dispatcher->dispatch(Object(CakeRequest), Object(CakeResponse))
#15 {main}
2016-06-15 16:36:28 Error: [PDOException] SQLSTATE[42S22]: Column not found: 1054 Unknown column 'Group.member_id' in 'field list'
Request URL: /me/zeanleague/members/profile
Stack Trace:
#0 /vagrant/www/me/zeanleague/lib/Cake/Model/Datasource/DboSource.php(461): PDOStatement->execute(Array)
#1 /vagrant/www/me/zeanleague/lib/Cake/Model/Datasource/DboSource.php(427): DboSource->_execute('SELECT `Group`....', Array)
#2 /vagrant/www/me/zeanleague/lib/Cake/Model/Datasource/DboSource.php(664): DboSource->execute('SELECT `Group`....', Array, Array)
#3 /vagrant/www/me/zeanleague/lib/Cake/Model/Datasource/DboSource.php(1451): DboSource->fetchAll('SELECT `Group`....', false)
#4 /vagrant/www/me/zeanleague/lib/Cake/Model/Datasource/DboSource.php(1285): DboSource->_fetchHasMany(Object(Member), 'SELECT `Group`....', Array)
#5 /vagrant/www/me/zeanleague/lib/Cake/Model/Datasource/DboSource.php(1144): DboSource->queryAssociation(Object(Member), Object(Group), 'hasMany', 'Group', Array, Array, true, Array, 0, Array)
#6 /vagrant/www/me/zeanleague/lib/Cake/Model/Model.php(3031): DboSource->read(Object(Member), Array)
#7 /vagrant/www/me/zeanleague/lib/Cake/Model/Model.php(3003): Model->_readDataSource('first', Array)
#8 /vagrant/www/me/zeanleague/lib/Cake/Model/Datasource/DboSource.php(595): Model->find('first', Array)
#9 /vagrant/www/me/zeanleague/lib/Cake/Model/Model.php(827): DboSource->query('findById', Array, Object(Member))
#10 /vagrant/www/me/zeanleague/app/Controller/MembersController.php(31): Model->__call('findById', Array)
#11 /vagrant/www/me/zeanleague/app/Controller/MembersController.php(31): Member->findById('9')
#12 [internal function]: MembersController->profile()
#13 /vagrant/www/me/zeanleague/lib/Cake/Controller/Controller.php(491): ReflectionMethod->invokeArgs(Object(MembersController), Array)
#14 /vagrant/www/me/zeanleague/lib/Cake/Routing/Dispatcher.php(193): Controller->invokeAction(Object(CakeRequest))
#15 /vagrant/www/me/zeanleague/lib/Cake/Routing/Dispatcher.php(167): Dispatcher->_invoke(Object(MembersController), Object(CakeRequest))
#16 /vagrant/www/me/zeanleague/app/webroot/index.php(111): Dispatcher->dispatch(Object(CakeRequest), Object(CakeResponse))
#17 {main}
2016-06-15 16:39:49 Error: Fatal Error (64): Cannot redeclare Member::$validate in [/vagrant/www/me/zeanleague/app/Model/Member.php, line 102]
2016-06-15 16:39:49 Error: [FatalErrorException] Cannot redeclare Member::$validate
Request URL: /me/zeanleague/members/profile
Stack Trace:
#0 /vagrant/www/me/zeanleague/lib/Cake/Error/ErrorHandler.php(213): ErrorHandler::handleFatalError(64, 'Cannot redeclar...', '/vagrant/www/me...', 102)
#1 [internal function]: ErrorHandler::handleError(64, 'Cannot redeclar...', '/vagrant/www/me...', 102, Array)
#2 /vagrant/www/me/zeanleague/lib/Cake/Core/App.php(970): call_user_func('ErrorHandler::h...', 64, 'Cannot redeclar...', '/vagrant/www/me...', 102, Array)
#3 /vagrant/www/me/zeanleague/lib/Cake/Core/App.php(943): App::_checkFatalError()
#4 [internal function]: App::shutdown()
#5 {main}
2016-06-15 16:43:18 Error: [NotFoundException] The requested file /vagrant/www/me/zeanleague/app/webroot/files/team/logo_image/4/thumb_f71ef96246632766ec761f2f5b5b37b5.logo_image was not found or not readable
Request URL: /me/zeanleague/images/imageThumb/team/logo_image/4/thumb_f71ef96246632766ec761f2f5b5b37b5.logo_image
Stack Trace:
#0 /vagrant/www/me/zeanleague/app/Controller/ImagesController.php(20): CakeResponse->file('webroot/files/t...')
#1 [internal function]: ImagesController->imageThumb('team', 'logo_image', '4', 'thumb_f71ef9624...')
#2 /vagrant/www/me/zeanleague/lib/Cake/Controller/Controller.php(491): ReflectionMethod->invokeArgs(Object(ImagesController), Array)
#3 /vagrant/www/me/zeanleague/lib/Cake/Routing/Dispatcher.php(193): Controller->invokeAction(Object(CakeRequest))
#4 /vagrant/www/me/zeanleague/lib/Cake/Routing/Dispatcher.php(167): Dispatcher->_invoke(Object(ImagesController), Object(CakeRequest))
#5 /vagrant/www/me/zeanleague/app/webroot/index.php(111): Dispatcher->dispatch(Object(CakeRequest), Object(CakeResponse))
#6 {main}
2016-06-15 16:43:21 Error: [MissingViewException] View file "TeamsCompetitions/predicts.ctp" is missing.
Exception Attributes: array (
  'file' => 'TeamsCompetitions/predicts.ctp',
)
Request URL: /me/zeanleague/teams_competitions/predicts
Stack Trace:
#0 /vagrant/www/me/zeanleague/lib/Cake/View/View.php(470): View->_getViewFileName(NULL)
#1 /vagrant/www/me/zeanleague/lib/Cake/Controller/Controller.php(963): View->render(NULL, NULL)
#2 /vagrant/www/me/zeanleague/lib/Cake/Routing/Dispatcher.php(200): Controller->render()
#3 /vagrant/www/me/zeanleague/lib/Cake/Routing/Dispatcher.php(167): Dispatcher->_invoke(Object(TeamsCompetitionsController), Object(CakeRequest))
#4 /vagrant/www/me/zeanleague/app/webroot/index.php(111): Dispatcher->dispatch(Object(CakeRequest), Object(CakeResponse))
#5 {main}
2016-06-15 16:45:27 Error: [NotFoundException] The requested file /vagrant/www/me/zeanleague/app/webroot/files/team/logo_image/4/thumb_f71ef96246632766ec761f2f5b5b37b5.logo_image was not found or not readable
Request URL: /me/zeanleague/images/imageThumb/team/logo_image/4/thumb_f71ef96246632766ec761f2f5b5b37b5.logo_image
Stack Trace:
#0 /vagrant/www/me/zeanleague/app/Controller/ImagesController.php(20): CakeResponse->file('webroot/files/t...')
#1 [internal function]: ImagesController->imageThumb('team', 'logo_image', '4', 'thumb_f71ef9624...')
#2 /vagrant/www/me/zeanleague/lib/Cake/Controller/Controller.php(491): ReflectionMethod->invokeArgs(Object(ImagesController), Array)
#3 /vagrant/www/me/zeanleague/lib/Cake/Routing/Dispatcher.php(193): Controller->invokeAction(Object(CakeRequest))
#4 /vagrant/www/me/zeanleague/lib/Cake/Routing/Dispatcher.php(167): Dispatcher->_invoke(Object(ImagesController), Object(CakeRequest))
#5 /vagrant/www/me/zeanleague/app/webroot/index.php(111): Dispatcher->dispatch(Object(CakeRequest), Object(CakeResponse))
#6 {main}
2016-06-15 16:50:41 Error: [NotFoundException] The requested file /vagrant/www/me/zeanleague/app/webroot/files/team/logo_image/4/thumb_f71ef96246632766ec761f2f5b5b37b5.logo_image was not found or not readable
Request URL: /me/zeanleague/images/imageThumb/team/logo_image/4/thumb_f71ef96246632766ec761f2f5b5b37b5.logo_image
Stack Trace:
#0 /vagrant/www/me/zeanleague/app/Controller/ImagesController.php(20): CakeResponse->file('webroot/files/t...')
#1 [internal function]: ImagesController->imageThumb('team', 'logo_image', '4', 'thumb_f71ef9624...')
#2 /vagrant/www/me/zeanleague/lib/Cake/Controller/Controller.php(491): ReflectionMethod->invokeArgs(Object(ImagesController), Array)
#3 /vagrant/www/me/zeanleague/lib/Cake/Routing/Dispatcher.php(193): Controller->invokeAction(Object(CakeRequest))
#4 /vagrant/www/me/zeanleague/lib/Cake/Routing/Dispatcher.php(167): Dispatcher->_invoke(Object(ImagesController), Object(CakeRequest))
#5 /vagrant/www/me/zeanleague/app/webroot/index.php(111): Dispatcher->dispatch(Object(CakeRequest), Object(CakeResponse))
#6 {main}
2016-06-15 16:51:19 Error: [NotFoundException] The requested file /vagrant/www/me/zeanleague/app/webroot/files/team/logo_image/4/thumb_f71ef96246632766ec761f2f5b5b37b5.logo_image was not found or not readable
Request URL: /me/zeanleague/images/imageThumb/team/logo_image/4/thumb_f71ef96246632766ec761f2f5b5b37b5.logo_image
Stack Trace:
#0 /vagrant/www/me/zeanleague/app/Controller/ImagesController.php(20): CakeResponse->file('webroot/files/t...')
#1 [internal function]: ImagesController->imageThumb('team', 'logo_image', '4', 'thumb_f71ef9624...')
#2 /vagrant/www/me/zeanleague/lib/Cake/Controller/Controller.php(491): ReflectionMethod->invokeArgs(Object(ImagesController), Array)
#3 /vagrant/www/me/zeanleague/lib/Cake/Routing/Dispatcher.php(193): Controller->invokeAction(Object(CakeRequest))
#4 /vagrant/www/me/zeanleague/lib/Cake/Routing/Dispatcher.php(167): Dispatcher->_invoke(Object(ImagesController), Object(CakeRequest))
#5 /vagrant/www/me/zeanleague/app/webroot/index.php(111): Dispatcher->dispatch(Object(CakeRequest), Object(CakeResponse))
#6 {main}
2016-06-15 16:51:37 Error: [NotFoundException] The requested file /vagrant/www/me/zeanleague/app/webroot/files/team/logo_image/4/thumb_f71ef96246632766ec761f2f5b5b37b5.logo_image was not found or not readable
Request URL: /me/zeanleague/images/imageThumb/team/logo_image/4/thumb_f71ef96246632766ec761f2f5b5b37b5.logo_image
Stack Trace:
#0 /vagrant/www/me/zeanleague/app/Controller/ImagesController.php(20): CakeResponse->file('webroot/files/t...')
#1 [internal function]: ImagesController->imageThumb('team', 'logo_image', '4', 'thumb_f71ef9624...')
#2 /vagrant/www/me/zeanleague/lib/Cake/Controller/Controller.php(491): ReflectionMethod->invokeArgs(Object(ImagesController), Array)
#3 /vagrant/www/me/zeanleague/lib/Cake/Routing/Dispatcher.php(193): Controller->invokeAction(Object(CakeRequest))
#4 /vagrant/www/me/zeanleague/lib/Cake/Routing/Dispatcher.php(167): Dispatcher->_invoke(Object(ImagesController), Object(CakeRequest))
#5 /vagrant/www/me/zeanleague/app/webroot/index.php(111): Dispatcher->dispatch(Object(CakeRequest), Object(CakeResponse))
#6 {main}
2016-06-15 16:51:47 Error: [NotFoundException] The requested file /vagrant/www/me/zeanleague/app/webroot/files/team/logo_image/4/thumb_f71ef96246632766ec761f2f5b5b37b5.logo_image was not found or not readable
Request URL: /me/zeanleague/images/imageThumb/team/logo_image/4/thumb_f71ef96246632766ec761f2f5b5b37b5.logo_image
Stack Trace:
#0 /vagrant/www/me/zeanleague/app/Controller/ImagesController.php(20): CakeResponse->file('webroot/files/t...')
#1 [internal function]: ImagesController->imageThumb('team', 'logo_image', '4', 'thumb_f71ef9624...')
#2 /vagrant/www/me/zeanleague/lib/Cake/Controller/Controller.php(491): ReflectionMethod->invokeArgs(Object(ImagesController), Array)
#3 /vagrant/www/me/zeanleague/lib/Cake/Routing/Dispatcher.php(193): Controller->invokeAction(Object(CakeRequest))
#4 /vagrant/www/me/zeanleague/lib/Cake/Routing/Dispatcher.php(167): Dispatcher->_invoke(Object(ImagesController), Object(CakeRequest))
#5 /vagrant/www/me/zeanleague/app/webroot/index.php(111): Dispatcher->dispatch(Object(CakeRequest), Object(CakeResponse))
#6 {main}
2016-06-15 16:52:03 Error: [NotFoundException] The requested file /vagrant/www/me/zeanleague/app/webroot/files/team/logo_image/4/thumb_f71ef96246632766ec761f2f5b5b37b5.logo_image was not found or not readable
Request URL: /me/zeanleague/images/imageThumb/team/logo_image/4/thumb_f71ef96246632766ec761f2f5b5b37b5.logo_image
Stack Trace:
#0 /vagrant/www/me/zeanleague/app/Controller/ImagesController.php(20): CakeResponse->file('webroot/files/t...')
#1 [internal function]: ImagesController->imageThumb('team', 'logo_image', '4', 'thumb_f71ef9624...')
#2 /vagrant/www/me/zeanleague/lib/Cake/Controller/Controller.php(491): ReflectionMethod->invokeArgs(Object(ImagesController), Array)
#3 /vagrant/www/me/zeanleague/lib/Cake/Routing/Dispatcher.php(193): Controller->invokeAction(Object(CakeRequest))
#4 /vagrant/www/me/zeanleague/lib/Cake/Routing/Dispatcher.php(167): Dispatcher->_invoke(Object(ImagesController), Object(CakeRequest))
#5 /vagrant/www/me/zeanleague/app/webroot/index.php(111): Dispatcher->dispatch(Object(CakeRequest), Object(CakeResponse))
#6 {main}
2016-06-15 16:54:43 Error: [NotFoundException] The requested file /vagrant/www/me/zeanleague/app/webroot/files/team/logo_image/4/thumb_f71ef96246632766ec761f2f5b5b37b5.logo_image was not found or not readable
Request URL: /me/zeanleague/images/imageThumb/team/logo_image/4/thumb_f71ef96246632766ec761f2f5b5b37b5.logo_image
Stack Trace:
#0 /vagrant/www/me/zeanleague/app/Controller/ImagesController.php(20): CakeResponse->file('webroot/files/t...')
#1 [internal function]: ImagesController->imageThumb('team', 'logo_image', '4', 'thumb_f71ef9624...')
#2 /vagrant/www/me/zeanleague/lib/Cake/Controller/Controller.php(491): ReflectionMethod->invokeArgs(Object(ImagesController), Array)
#3 /vagrant/www/me/zeanleague/lib/Cake/Routing/Dispatcher.php(193): Controller->invokeAction(Object(CakeRequest))
#4 /vagrant/www/me/zeanleague/lib/Cake/Routing/Dispatcher.php(167): Dispatcher->_invoke(Object(ImagesController), Object(CakeRequest))
#5 /vagrant/www/me/zeanleague/app/webroot/index.php(111): Dispatcher->dispatch(Object(CakeRequest), Object(CakeResponse))
#6 {main}
2016-06-15 16:55:47 Error: [NotFoundException] The requested file /vagrant/www/me/zeanleague/app/webroot/files/team/logo_image/4/thumb_f71ef96246632766ec761f2f5b5b37b5.logo_image was not found or not readable
Request URL: /me/zeanleague/images/imageThumb/team/logo_image/4/thumb_f71ef96246632766ec761f2f5b5b37b5.logo_image
Stack Trace:
#0 /vagrant/www/me/zeanleague/app/Controller/ImagesController.php(20): CakeResponse->file('webroot/files/t...')
#1 [internal function]: ImagesController->imageThumb('team', 'logo_image', '4', 'thumb_f71ef9624...')
#2 /vagrant/www/me/zeanleague/lib/Cake/Controller/Controller.php(491): ReflectionMethod->invokeArgs(Object(ImagesController), Array)
#3 /vagrant/www/me/zeanleague/lib/Cake/Routing/Dispatcher.php(193): Controller->invokeAction(Object(CakeRequest))
#4 /vagrant/www/me/zeanleague/lib/Cake/Routing/Dispatcher.php(167): Dispatcher->_invoke(Object(ImagesController), Object(CakeRequest))
#5 /vagrant/www/me/zeanleague/app/webroot/index.php(111): Dispatcher->dispatch(Object(CakeRequest), Object(CakeResponse))
#6 {main}
2016-06-15 16:55:54 Error: [MissingActionException] Action TeamsCompetitionsController::today() could not be found.
Exception Attributes: array (
  'controller' => 'TeamsCompetitionsController',
  'action' => 'today',
)
Request URL: /me/zeanleague/teams_competitions/today
Stack Trace:
#0 /vagrant/www/me/zeanleague/lib/Cake/Routing/Dispatcher.php(193): Controller->invokeAction(Object(CakeRequest))
#1 /vagrant/www/me/zeanleague/lib/Cake/Routing/Dispatcher.php(167): Dispatcher->_invoke(Object(TeamsCompetitionsController), Object(CakeRequest))
#2 /vagrant/www/me/zeanleague/app/webroot/index.php(111): Dispatcher->dispatch(Object(CakeRequest), Object(CakeResponse))
#3 {main}
2016-06-15 16:55:57 Error: [NotFoundException] The requested file /vagrant/www/me/zeanleague/app/webroot/files/team/logo_image/4/thumb_f71ef96246632766ec761f2f5b5b37b5.logo_image was not found or not readable
Request URL: /me/zeanleague/images/imageThumb/team/logo_image/4/thumb_f71ef96246632766ec761f2f5b5b37b5.logo_image
Stack Trace:
#0 /vagrant/www/me/zeanleague/app/Controller/ImagesController.php(20): CakeResponse->file('webroot/files/t...')
#1 [internal function]: ImagesController->imageThumb('team', 'logo_image', '4', 'thumb_f71ef9624...')
#2 /vagrant/www/me/zeanleague/lib/Cake/Controller/Controller.php(491): ReflectionMethod->invokeArgs(Object(ImagesController), Array)
#3 /vagrant/www/me/zeanleague/lib/Cake/Routing/Dispatcher.php(193): Controller->invokeAction(Object(CakeRequest))
#4 /vagrant/www/me/zeanleague/lib/Cake/Routing/Dispatcher.php(167): Dispatcher->_invoke(Object(ImagesController), Object(CakeRequest))
#5 /vagrant/www/me/zeanleague/app/webroot/index.php(111): Dispatcher->dispatch(Object(CakeRequest), Object(CakeResponse))
#6 {main}
2016-06-15 17:00:23 Error: [NotFoundException] The requested file /vagrant/www/me/zeanleague/app/webroot/files/team/logo_image/4/thumb_f71ef96246632766ec761f2f5b5b37b5.logo_image was not found or not readable
Request URL: /me/zeanleague/images/imageThumb/team/logo_image/4/thumb_f71ef96246632766ec761f2f5b5b37b5.logo_image
Stack Trace:
#0 /vagrant/www/me/zeanleague/app/Controller/ImagesController.php(20): CakeResponse->file('webroot/files/t...')
#1 [internal function]: ImagesController->imageThumb('team', 'logo_image', '4', 'thumb_f71ef9624...')
#2 /vagrant/www/me/zeanleague/lib/Cake/Controller/Controller.php(491): ReflectionMethod->invokeArgs(Object(ImagesController), Array)
#3 /vagrant/www/me/zeanleague/lib/Cake/Routing/Dispatcher.php(193): Controller->invokeAction(Object(CakeRequest))
#4 /vagrant/www/me/zeanleague/lib/Cake/Routing/Dispatcher.php(167): Dispatcher->_invoke(Object(ImagesController), Object(CakeRequest))
#5 /vagrant/www/me/zeanleague/app/webroot/index.php(111): Dispatcher->dispatch(Object(CakeRequest), Object(CakeResponse))
#6 {main}
2016-06-15 17:00:39 Error: [MissingActionException] Action TeamsCompetitionsController::today() could not be found.
Exception Attributes: array (
  'controller' => 'TeamsCompetitionsController',
  'action' => 'today',
)
Request URL: /me/zeanleague/teams_competitions/today
Stack Trace:
#0 /vagrant/www/me/zeanleague/lib/Cake/Routing/Dispatcher.php(193): Controller->invokeAction(Object(CakeRequest))
#1 /vagrant/www/me/zeanleague/lib/Cake/Routing/Dispatcher.php(167): Dispatcher->_invoke(Object(TeamsCompetitionsController), Object(CakeRequest))
#2 /vagrant/www/me/zeanleague/app/webroot/index.php(111): Dispatcher->dispatch(Object(CakeRequest), Object(CakeResponse))
#3 {main}
2016-06-15 17:00:42 Error: [NotFoundException] The requested file /vagrant/www/me/zeanleague/app/webroot/files/team/logo_image/4/thumb_f71ef96246632766ec761f2f5b5b37b5.logo_image was not found or not readable
Request URL: /me/zeanleague/images/imageThumb/team/logo_image/4/thumb_f71ef96246632766ec761f2f5b5b37b5.logo_image
Stack Trace:
#0 /vagrant/www/me/zeanleague/app/Controller/ImagesController.php(20): CakeResponse->file('webroot/files/t...')
#1 [internal function]: ImagesController->imageThumb('team', 'logo_image', '4', 'thumb_f71ef9624...')
#2 /vagrant/www/me/zeanleague/lib/Cake/Controller/Controller.php(491): ReflectionMethod->invokeArgs(Object(ImagesController), Array)
#3 /vagrant/www/me/zeanleague/lib/Cake/Routing/Dispatcher.php(193): Controller->invokeAction(Object(CakeRequest))
#4 /vagrant/www/me/zeanleague/lib/Cake/Routing/Dispatcher.php(167): Dispatcher->_invoke(Object(ImagesController), Object(CakeRequest))
#5 /vagrant/www/me/zeanleague/app/webroot/index.php(111): Dispatcher->dispatch(Object(CakeRequest), Object(CakeResponse))
#6 {main}
2016-06-15 17:00:49 Error: [NotFoundException] The requested file /vagrant/www/me/zeanleague/app/webroot/files/team/logo_image/4/thumb_f71ef96246632766ec761f2f5b5b37b5.logo_image was not found or not readable
Request URL: /me/zeanleague/images/imageThumb/team/logo_image/4/thumb_f71ef96246632766ec761f2f5b5b37b5.logo_image
Stack Trace:
#0 /vagrant/www/me/zeanleague/app/Controller/ImagesController.php(20): CakeResponse->file('webroot/files/t...')
#1 [internal function]: ImagesController->imageThumb('team', 'logo_image', '4', 'thumb_f71ef9624...')
#2 /vagrant/www/me/zeanleague/lib/Cake/Controller/Controller.php(491): ReflectionMethod->invokeArgs(Object(ImagesController), Array)
#3 /vagrant/www/me/zeanleague/lib/Cake/Routing/Dispatcher.php(193): Controller->invokeAction(Object(CakeRequest))
#4 /vagrant/www/me/zeanleague/lib/Cake/Routing/Dispatcher.php(167): Dispatcher->_invoke(Object(ImagesController), Object(CakeRequest))
#5 /vagrant/www/me/zeanleague/app/webroot/index.php(111): Dispatcher->dispatch(Object(CakeRequest), Object(CakeResponse))
#6 {main}
2016-06-15 17:00:57 Error: [NotFoundException] The requested file /vagrant/www/me/zeanleague/app/webroot/files/team/logo_image/4/thumb_f71ef96246632766ec761f2f5b5b37b5.logo_image was not found or not readable
Request URL: /me/zeanleague/images/imageThumb/team/logo_image/4/thumb_f71ef96246632766ec761f2f5b5b37b5.logo_image
Stack Trace:
#0 /vagrant/www/me/zeanleague/app/Controller/ImagesController.php(20): CakeResponse->file('webroot/files/t...')
#1 [internal function]: ImagesController->imageThumb('team', 'logo_image', '4', 'thumb_f71ef9624...')
#2 /vagrant/www/me/zeanleague/lib/Cake/Controller/Controller.php(491): ReflectionMethod->invokeArgs(Object(ImagesController), Array)
#3 /vagrant/www/me/zeanleague/lib/Cake/Routing/Dispatcher.php(193): Controller->invokeAction(Object(CakeRequest))
#4 /vagrant/www/me/zeanleague/lib/Cake/Routing/Dispatcher.php(167): Dispatcher->_invoke(Object(ImagesController), Object(CakeRequest))
#5 /vagrant/www/me/zeanleague/app/webroot/index.php(111): Dispatcher->dispatch(Object(CakeRequest), Object(CakeResponse))
#6 {main}
2016-06-15 17:04:23 Error: [NotFoundException] The requested file /vagrant/www/me/zeanleague/app/webroot/files/team/logo_image/4/thumb_f71ef96246632766ec761f2f5b5b37b5.logo_image was not found or not readable
Request URL: /me/zeanleague/images/imageThumb/team/logo_image/4/thumb_f71ef96246632766ec761f2f5b5b37b5.logo_image
Stack Trace:
#0 /vagrant/www/me/zeanleague/app/Controller/ImagesController.php(20): CakeResponse->file('webroot/files/t...')
#1 [internal function]: ImagesController->imageThumb('team', 'logo_image', '4', 'thumb_f71ef9624...')
#2 /vagrant/www/me/zeanleague/lib/Cake/Controller/Controller.php(491): ReflectionMethod->invokeArgs(Object(ImagesController), Array)
#3 /vagrant/www/me/zeanleague/lib/Cake/Routing/Dispatcher.php(193): Controller->invokeAction(Object(CakeRequest))
#4 /vagrant/www/me/zeanleague/lib/Cake/Routing/Dispatcher.php(167): Dispatcher->_invoke(Object(ImagesController), Object(CakeRequest))
#5 /vagrant/www/me/zeanleague/app/webroot/index.php(111): Dispatcher->dispatch(Object(CakeRequest), Object(CakeResponse))
#6 {main}
2016-06-15 17:38:11 Error: [NotFoundException] The requested file /vagrant/www/me/zeanleague/app/webroot/files/team/logo_image/4/thumb_f71ef96246632766ec761f2f5b5b37b5.logo_image was not found or not readable
Request URL: /me/zeanleague/images/imageThumb/team/logo_image/4/thumb_f71ef96246632766ec761f2f5b5b37b5.logo_image
Stack Trace:
#0 /vagrant/www/me/zeanleague/app/Controller/ImagesController.php(20): CakeResponse->file('webroot/files/t...')
#1 [internal function]: ImagesController->imageThumb('team', 'logo_image', '4', 'thumb_f71ef9624...')
#2 /vagrant/www/me/zeanleague/lib/Cake/Controller/Controller.php(491): ReflectionMethod->invokeArgs(Object(ImagesController), Array)
#3 /vagrant/www/me/zeanleague/lib/Cake/Routing/Dispatcher.php(193): Controller->invokeAction(Object(CakeRequest))
#4 /vagrant/www/me/zeanleague/lib/Cake/Routing/Dispatcher.php(167): Dispatcher->_invoke(Object(ImagesController), Object(CakeRequest))
#5 /vagrant/www/me/zeanleague/app/webroot/index.php(111): Dispatcher->dispatch(Object(CakeRequest), Object(CakeResponse))
#6 {main}
2016-06-15 17:40:27 Error: [NotFoundException] The requested file /vagrant/www/me/zeanleague/app/webroot/files/team/logo_image/4/thumb_f71ef96246632766ec761f2f5b5b37b5.logo_image was not found or not readable
Request URL: /me/zeanleague/images/imageThumb/team/logo_image/4/thumb_f71ef96246632766ec761f2f5b5b37b5.logo_image
Stack Trace:
#0 /vagrant/www/me/zeanleague/app/Controller/ImagesController.php(20): CakeResponse->file('webroot/files/t...')
#1 [internal function]: ImagesController->imageThumb('team', 'logo_image', '4', 'thumb_f71ef9624...')
#2 /vagrant/www/me/zeanleague/lib/Cake/Controller/Controller.php(491): ReflectionMethod->invokeArgs(Object(ImagesController), Array)
#3 /vagrant/www/me/zeanleague/lib/Cake/Routing/Dispatcher.php(193): Controller->invokeAction(Object(CakeRequest))
#4 /vagrant/www/me/zeanleague/lib/Cake/Routing/Dispatcher.php(167): Dispatcher->_invoke(Object(ImagesController), Object(CakeRequest))
#5 /vagrant/www/me/zeanleague/app/webroot/index.php(111): Dispatcher->dispatch(Object(CakeRequest), Object(CakeResponse))
#6 {main}
2016-06-15 17:40:30 Error: [MissingControllerException] Controller class PredictsController could not be found.
Exception Attributes: array (
  'class' => 'PredictsController',
  'plugin' => NULL,
)
Request URL: /me/zeanleague/predicts/submit/5
Stack Trace:
#0 /vagrant/www/me/zeanleague/app/webroot/index.php(111): Dispatcher->dispatch(Object(CakeRequest), Object(CakeResponse))
#1 {main}
2016-06-15 17:47:52 Error: [NotFoundException] The requested file /vagrant/www/me/zeanleague/app/webroot/files/team/logo_image/4/thumb_f71ef96246632766ec761f2f5b5b37b5.logo_image was not found or not readable
Request URL: /me/zeanleague/images/imageThumb/team/logo_image/4/thumb_f71ef96246632766ec761f2f5b5b37b5.logo_image
Stack Trace:
#0 /vagrant/www/me/zeanleague/app/Controller/ImagesController.php(20): CakeResponse->file('webroot/files/t...')
#1 [internal function]: ImagesController->imageThumb('team', 'logo_image', '4', 'thumb_f71ef9624...')
#2 /vagrant/www/me/zeanleague/lib/Cake/Controller/Controller.php(491): ReflectionMethod->invokeArgs(Object(ImagesController), Array)
#3 /vagrant/www/me/zeanleague/lib/Cake/Routing/Dispatcher.php(193): Controller->invokeAction(Object(CakeRequest))
#4 /vagrant/www/me/zeanleague/lib/Cake/Routing/Dispatcher.php(167): Dispatcher->_invoke(Object(ImagesController), Object(CakeRequest))
#5 /vagrant/www/me/zeanleague/app/webroot/index.php(111): Dispatcher->dispatch(Object(CakeRequest), Object(CakeResponse))
#6 {main}
2016-06-15 17:47:54 Error: [MissingViewException] View file "Predicts/submit.ctp" is missing.
Exception Attributes: array (
  'file' => 'Predicts/submit.ctp',
)
Request URL: /me/zeanleague/predicts/submit/5
Stack Trace:
#0 /vagrant/www/me/zeanleague/lib/Cake/View/View.php(470): View->_getViewFileName(NULL)
#1 /vagrant/www/me/zeanleague/lib/Cake/Controller/Controller.php(963): View->render(NULL, NULL)
#2 /vagrant/www/me/zeanleague/lib/Cake/Routing/Dispatcher.php(200): Controller->render()
#3 /vagrant/www/me/zeanleague/lib/Cake/Routing/Dispatcher.php(167): Dispatcher->_invoke(Object(PredictsController), Object(CakeRequest))
#4 /vagrant/www/me/zeanleague/app/webroot/index.php(111): Dispatcher->dispatch(Object(CakeRequest), Object(CakeResponse))
#5 {main}
2016-06-15 17:48:14 Error: [NotFoundException] The requested file /vagrant/www/me/zeanleague/app/webroot/files/team/logo_image/4/thumb_f71ef96246632766ec761f2f5b5b37b5.logo_image was not found or not readable
Request URL: /me/zeanleague/images/imageThumb/team/logo_image/4/thumb_f71ef96246632766ec761f2f5b5b37b5.logo_image
Stack Trace:
#0 /vagrant/www/me/zeanleague/app/Controller/ImagesController.php(20): CakeResponse->file('webroot/files/t...')
#1 [internal function]: ImagesController->imageThumb('team', 'logo_image', '4', 'thumb_f71ef9624...')
#2 /vagrant/www/me/zeanleague/lib/Cake/Controller/Controller.php(491): ReflectionMethod->invokeArgs(Object(ImagesController), Array)
#3 /vagrant/www/me/zeanleague/lib/Cake/Routing/Dispatcher.php(193): Controller->invokeAction(Object(CakeRequest))
#4 /vagrant/www/me/zeanleague/lib/Cake/Routing/Dispatcher.php(167): Dispatcher->_invoke(Object(ImagesController), Object(CakeRequest))
#5 /vagrant/www/me/zeanleague/app/webroot/index.php(111): Dispatcher->dispatch(Object(CakeRequest), Object(CakeResponse))
#6 {main}
2016-06-15 17:48:16 Error: [MissingViewException] View file "Predicts/submit.ctp" is missing.
Exception Attributes: array (
  'file' => 'Predicts/submit.ctp',
)
Request URL: /me/zeanleague/predicts/submit/6
Stack Trace:
#0 /vagrant/www/me/zeanleague/lib/Cake/View/View.php(470): View->_getViewFileName(NULL)
#1 /vagrant/www/me/zeanleague/lib/Cake/Controller/Controller.php(963): View->render(NULL, NULL)
#2 /vagrant/www/me/zeanleague/lib/Cake/Routing/Dispatcher.php(200): Controller->render()
#3 /vagrant/www/me/zeanleague/lib/Cake/Routing/Dispatcher.php(167): Dispatcher->_invoke(Object(PredictsController), Object(CakeRequest))
#4 /vagrant/www/me/zeanleague/app/webroot/index.php(111): Dispatcher->dispatch(Object(CakeRequest), Object(CakeResponse))
#5 {main}
2016-06-15 17:48:25 Error: [NotFoundException] The requested file /vagrant/www/me/zeanleague/app/webroot/files/team/logo_image/4/thumb_f71ef96246632766ec761f2f5b5b37b5.logo_image was not found or not readable
Request URL: /me/zeanleague/images/imageThumb/team/logo_image/4/thumb_f71ef96246632766ec761f2f5b5b37b5.logo_image
Stack Trace:
#0 /vagrant/www/me/zeanleague/app/Controller/ImagesController.php(20): CakeResponse->file('webroot/files/t...')
#1 [internal function]: ImagesController->imageThumb('team', 'logo_image', '4', 'thumb_f71ef9624...')
#2 /vagrant/www/me/zeanleague/lib/Cake/Controller/Controller.php(491): ReflectionMethod->invokeArgs(Object(ImagesController), Array)
#3 /vagrant/www/me/zeanleague/lib/Cake/Routing/Dispatcher.php(193): Controller->invokeAction(Object(CakeRequest))
#4 /vagrant/www/me/zeanleague/lib/Cake/Routing/Dispatcher.php(167): Dispatcher->_invoke(Object(ImagesController), Object(CakeRequest))
#5 /vagrant/www/me/zeanleague/app/webroot/index.php(111): Dispatcher->dispatch(Object(CakeRequest), Object(CakeResponse))
#6 {main}
2016-06-15 17:54:24 Error: [NotFoundException] The requested file /vagrant/www/me/zeanleague/app/webroot/files/team/logo_image/4/thumb_f71ef96246632766ec761f2f5b5b37b5.logo_image was not found or not readable
Request URL: /me/zeanleague/images/imageThumb/team/logo_image/4/thumb_f71ef96246632766ec761f2f5b5b37b5.logo_image
Stack Trace:
#0 /vagrant/www/me/zeanleague/app/Controller/ImagesController.php(20): CakeResponse->file('webroot/files/t...')
#1 [internal function]: ImagesController->imageThumb('team', 'logo_image', '4', 'thumb_f71ef9624...')
#2 /vagrant/www/me/zeanleague/lib/Cake/Controller/Controller.php(491): ReflectionMethod->invokeArgs(Object(ImagesController), Array)
#3 /vagrant/www/me/zeanleague/lib/Cake/Routing/Dispatcher.php(193): Controller->invokeAction(Object(CakeRequest))
#4 /vagrant/www/me/zeanleague/lib/Cake/Routing/Dispatcher.php(167): Dispatcher->_invoke(Object(ImagesController), Object(CakeRequest))
#5 /vagrant/www/me/zeanleague/app/webroot/index.php(111): Dispatcher->dispatch(Object(CakeRequest), Object(CakeResponse))
#6 {main}
2016-06-15 17:54:48 Error: [NotFoundException] The requested file /vagrant/www/me/zeanleague/app/webroot/files/team/logo_image/4/thumb_f71ef96246632766ec761f2f5b5b37b5.logo_image was not found or not readable
Request URL: /me/zeanleague/images/imageThumb/team/logo_image/4/thumb_f71ef96246632766ec761f2f5b5b37b5.logo_image
Stack Trace:
#0 /vagrant/www/me/zeanleague/app/Controller/ImagesController.php(20): CakeResponse->file('webroot/files/t...')
#1 [internal function]: ImagesController->imageThumb('team', 'logo_image', '4', 'thumb_f71ef9624...')
#2 /vagrant/www/me/zeanleague/lib/Cake/Controller/Controller.php(491): ReflectionMethod->invokeArgs(Object(ImagesController), Array)
#3 /vagrant/www/me/zeanleague/lib/Cake/Routing/Dispatcher.php(193): Controller->invokeAction(Object(CakeRequest))
#4 /vagrant/www/me/zeanleague/lib/Cake/Routing/Dispatcher.php(167): Dispatcher->_invoke(Object(ImagesController), Object(CakeRequest))
#5 /vagrant/www/me/zeanleague/app/webroot/index.php(111): Dispatcher->dispatch(Object(CakeRequest), Object(CakeResponse))
#6 {main}
